{"/var/www/back1/js/vue-apps/timesheet/components/CalendarCell.vue": {"path":"/var/www/back1/js/vue-apps/timesheet/components/CalendarCell.vue","statementMap":{"0":{"start":{"line":32,"column":14},"end":{"line":32,"column":null}},"1":{"start":{"line":70,"column":13},"end":{"line":70,"column":40}},"2":{"start":{"line":73,"column":18},"end":{"line":73,"column":54}},"3":{"start":{"line":73,"column":33},"end":{"line":73,"column":53}},"4":{"start":{"line":74,"column":20},"end":{"line":74,"column":74}},"5":{"start":{"line":74,"column":35},"end":{"line":74,"column":73}},"6":{"start":{"line":75,"column":28},"end":{"line":77,"column":2}},"7":{"start":{"line":76,"column":2},"end":{"line":76,"column":null}},"8":{"start":{"line":80,"column":20},"end":{"line":96,"column":2}},"9":{"start":{"line":81,"column":2},"end":{"line":83,"column":null}},"10":{"start":{"line":82,"column":4},"end":{"line":82,"column":null}},"11":{"start":{"line":86,"column":2},"end":{"line":88,"column":null}},"12":{"start":{"line":87,"column":4},"end":{"line":87,"column":null}},"13":{"start":{"line":91,"column":2},"end":{"line":93,"column":null}},"14":{"start":{"line":92,"column":4},"end":{"line":92,"column":null}},"15":{"start":{"line":95,"column":2},"end":{"line":95,"column":null}},"16":{"start":{"line":99,"column":19},"end":{"line":132,"column":2}},"17":{"start":{"line":100,"column":18},"end":{"line":100,"column":20}},"18":{"start":{"line":103,"column":2},"end":{"line":105,"column":null}},"19":{"start":{"line":104,"column":4},"end":{"line":104,"column":null}},"20":{"start":{"line":108,"column":2},"end":{"line":110,"column":null}},"21":{"start":{"line":109,"column":4},"end":{"line":109,"column":null}},"22":{"start":{"line":113,"column":2},"end":{"line":115,"column":null}},"23":{"start":{"line":114,"column":4},"end":{"line":114,"column":null}},"24":{"start":{"line":118,"column":2},"end":{"line":129,"column":null}},"25":{"start":{"line":119,"column":4},"end":{"line":128,"column":null}},"26":{"start":{"line":120,"column":6},"end":{"line":120,"column":null}},"27":{"start":{"line":121,"column":11},"end":{"line":128,"column":null}},"28":{"start":{"line":122,"column":6},"end":{"line":122,"column":null}},"29":{"start":{"line":125,"column":6},"end":{"line":127,"column":null}},"30":{"start":{"line":126,"column":8},"end":{"line":126,"column":null}},"31":{"start":{"line":131,"column":2},"end":{"line":131,"column":null}},"32":{"start":{"line":135,"column":20},"end":{"line":141,"column":1}},"33":{"start":{"line":136,"column":2},"end":{"line":140,"column":null}},"34":{"start":{"line":8,"column":9},"end":{"line":8,"column":31}}},"fnMap":{"0":{"name":"(anonymous_0)","decl":{"start":{"line":73,"column":28},"end":{"line":73,"column":29}},"loc":{"start":{"line":73,"column":33},"end":{"line":73,"column":53}},"line":73},"1":{"name":"(anonymous_1)","decl":{"start":{"line":74,"column":30},"end":{"line":74,"column":31}},"loc":{"start":{"line":74,"column":35},"end":{"line":74,"column":73}},"line":74},"2":{"name":"(anonymous_2)","decl":{"start":{"line":75,"column":38},"end":{"line":75,"column":39}},"loc":{"start":{"line":75,"column":44},"end":{"line":77,"column":1}},"line":75},"3":{"name":"(anonymous_3)","decl":{"start":{"line":80,"column":30},"end":{"line":80,"column":31}},"loc":{"start":{"line":80,"column":36},"end":{"line":96,"column":1}},"line":80},"4":{"name":"(anonymous_4)","decl":{"start":{"line":99,"column":29},"end":{"line":99,"column":30}},"loc":{"start":{"line":99,"column":35},"end":{"line":132,"column":1}},"line":99},"5":{"name":"(anonymous_5)","decl":{"start":{"line":135,"column":20},"end":{"line":135,"column":21}},"loc":{"start":{"line":135,"column":26},"end":{"line":141,"column":1}},"line":135}},"branchMap":{"0":{"loc":{"start":{"line":76,"column":9},"end":{"line":76,"column":52}},"type":"binary-expr","locations":[{"start":{"line":76,"column":9},"end":{"line":76,"column":27}},{"start":{"line":76,"column":30},"end":{"line":76,"column":52}}],"line":76},"1":{"loc":{"start":{"line":81,"column":2},"end":{"line":83,"column":null}},"type":"if","locations":[{"start":{"line":81,"column":2},"end":{"line":83,"column":null}},{"start":{},"end":{}}],"line":81},"2":{"loc":{"start":{"line":86,"column":2},"end":{"line":88,"column":null}},"type":"if","locations":[{"start":{"line":86,"column":2},"end":{"line":88,"column":null}},{"start":{},"end":{}}],"line":86},"3":{"loc":{"start":{"line":86,"column":6},"end":{"line":86,"column":64}},"type":"binary-expr","locations":[{"start":{"line":86,"column":6},"end":{"line":86,"column":26}},{"start":{"line":86,"column":30},"end":{"line":86,"column":64}}],"line":86},"4":{"loc":{"start":{"line":91,"column":2},"end":{"line":93,"column":null}},"type":"if","locations":[{"start":{"line":91,"column":2},"end":{"line":93,"column":null}},{"start":{},"end":{}}],"line":91},"5":{"loc":{"start":{"line":91,"column":6},"end":{"line":91,"column":72}},"type":"binary-expr","locations":[{"start":{"line":91,"column":6},"end":{"line":91,"column":45}},{"start":{"line":91,"column":49},"end":{"line":91,"column":72}}],"line":91},"6":{"loc":{"start":{"line":103,"column":2},"end":{"line":105,"column":null}},"type":"if","locations":[{"start":{"line":103,"column":2},"end":{"line":105,"column":null}},{"start":{},"end":{}}],"line":103},"7":{"loc":{"start":{"line":108,"column":2},"end":{"line":110,"column":null}},"type":"if","locations":[{"start":{"line":108,"column":2},"end":{"line":110,"column":null}},{"start":{},"end":{}}],"line":108},"8":{"loc":{"start":{"line":113,"column":2},"end":{"line":115,"column":null}},"type":"if","locations":[{"start":{"line":113,"column":2},"end":{"line":115,"column":null}},{"start":{},"end":{}}],"line":113},"9":{"loc":{"start":{"line":118,"column":2},"end":{"line":129,"column":null}},"type":"if","locations":[{"start":{"line":118,"column":2},"end":{"line":129,"column":null}},{"start":{},"end":{}}],"line":118},"10":{"loc":{"start":{"line":119,"column":4},"end":{"line":128,"column":null}},"type":"if","locations":[{"start":{"line":119,"column":4},"end":{"line":128,"column":null}},{"start":{"line":121,"column":11},"end":{"line":128,"column":null}}],"line":119},"11":{"loc":{"start":{"line":119,"column":8},"end":{"line":119,"column":66}},"type":"binary-expr","locations":[{"start":{"line":119,"column":8},"end":{"line":119,"column":28}},{"start":{"line":119,"column":32},"end":{"line":119,"column":66}}],"line":119},"12":{"loc":{"start":{"line":121,"column":11},"end":{"line":128,"column":null}},"type":"if","locations":[{"start":{"line":121,"column":11},"end":{"line":128,"column":null}},{"start":{},"end":{}}],"line":121},"13":{"loc":{"start":{"line":121,"column":15},"end":{"line":121,"column":81}},"type":"binary-expr","locations":[{"start":{"line":121,"column":15},"end":{"line":121,"column":54}},{"start":{"line":121,"column":58},"end":{"line":121,"column":81}}],"line":121},"14":{"loc":{"start":{"line":125,"column":6},"end":{"line":127,"column":null}},"type":"if","locations":[{"start":{"line":125,"column":6},"end":{"line":127,"column":null}},{"start":{},"end":{}}],"line":125},"15":{"loc":{"start":{"line":4,"column":18},"end":{"line":4,"column":null}},"type":"binary-expr","locations":[{"start":{"line":4,"column":18},"end":{"line":4,"column":39}},{"start":{"line":4,"column":39},"end":{"line":4,"column":null}}],"line":4}},"s":{"0":98,"1":98,"2":98,"3":98,"4":98,"5":98,"6":98,"7":98,"8":98,"9":98,"10":96,"11":2,"12":1,"13":1,"14":1,"15":0,"16":98,"17":98,"18":98,"19":3,"20":98,"21":25,"22":98,"23":0,"24":98,"25":2,"26":1,"27":1,"28":1,"29":1,"30":0,"31":98,"32":98,"33":1,"34":2},"f":{"0":98,"1":98,"2":98,"3":98,"4":98,"5":1},"b":{"0":[98,73],"1":[96,2],"2":[1,1],"3":[2,1],"4":[1,0],"5":[1,1],"6":[3,95],"7":[25,73],"8":[0,98],"9":[2,96],"10":[1,1],"11":[2,1],"12":[1,0],"13":[1,1],"14":[0,1],"15":[98,97]},"meta":{"lastBranch":16,"lastFunction":6,"lastStatement":35,"seen":{"s:32:14:32:Infinity":0,"s:70:13:70:40":1,"s:73:18:73:54":2,"f:73:28:73:29":0,"s:73:33:73:53":3,"s:74:20:74:74":4,"f:74:30:74:31":1,"s:74:35:74:73":5,"s:75:28:77:2":6,"f:75:38:75:39":2,"s:76:2:76:Infinity":7,"b:76:9:76:27:76:30:76:52":0,"s:80:20:96:2":8,"f:80:30:80:31":3,"b:81:2:83:Infinity:undefined:undefined:undefined:undefined":1,"s:81:2:83:Infinity":9,"s:82:4:82:Infinity":10,"b:86:2:88:Infinity:undefined:undefined:undefined:undefined":2,"s:86:2:88:Infinity":11,"b:86:6:86:26:86:30:86:64":3,"s:87:4:87:Infinity":12,"b:91:2:93:Infinity:undefined:undefined:undefined:undefined":4,"s:91:2:93:Infinity":13,"b:91:6:91:45:91:49:91:72":5,"s:92:4:92:Infinity":14,"s:95:2:95:Infinity":15,"s:99:19:132:2":16,"f:99:29:99:30":4,"s:100:18:100:20":17,"b:103:2:105:Infinity:undefined:undefined:undefined:undefined":6,"s:103:2:105:Infinity":18,"s:104:4:104:Infinity":19,"b:108:2:110:Infinity:undefined:undefined:undefined:undefined":7,"s:108:2:110:Infinity":20,"s:109:4:109:Infinity":21,"b:113:2:115:Infinity:undefined:undefined:undefined:undefined":8,"s:113:2:115:Infinity":22,"s:114:4:114:Infinity":23,"b:118:2:129:Infinity:undefined:undefined:undefined:undefined":9,"s:118:2:129:Infinity":24,"b:119:4:128:Infinity:121:11:128:Infinity":10,"s:119:4:128:Infinity":25,"b:119:8:119:28:119:32:119:66":11,"s:120:6:120:Infinity":26,"b:121:11:128:Infinity:undefined:undefined:undefined:undefined":12,"s:121:11:128:Infinity":27,"b:121:15:121:54:121:58:121:81":13,"s:122:6:122:Infinity":28,"b:125:6:127:Infinity:undefined:undefined:undefined:undefined":14,"s:125:6:127:Infinity":29,"s:126:8:126:Infinity":30,"s:131:2:131:Infinity":31,"s:135:20:141:1":32,"f:135:20:135:21":5,"s:136:2:140:Infinity":33,"s:8:9:8:31":34,"b:4:18:4:39:4:39:4:Infinity":15}}}
,"/var/www/back1/js/vue-apps/timesheet/components/CalendarGrid.vue": {"path":"/var/www/back1/js/vue-apps/timesheet/components/CalendarGrid.vue","statementMap":{"0":{"start":{"line":50,"column":14},"end":{"line":50,"column":null}},"1":{"start":{"line":82,"column":13},"end":{"line":82,"column":40}},"2":{"start":{"line":89,"column":17},"end":{"line":111,"column":2}},"3":{"start":{"line":90,"column":15},"end":{"line":90,"column":17}},"4":{"start":{"line":91,"column":21},"end":{"line":91,"column":61}},"5":{"start":{"line":93,"column":2},"end":{"line":108,"column":null}},"6":{"start":{"line":93,"column":17},"end":{"line":93,"column":18}},"7":{"start":{"line":94,"column":17},"end":{"line":94,"column":59}},"8":{"start":{"line":95,"column":19},"end":{"line":95,"column":49}},"9":{"start":{"line":96,"column":20},"end":{"line":96,"column":52}},"10":{"start":{"line":97,"column":24},"end":{"line":97,"column":40}},"11":{"start":{"line":98,"column":24},"end":{"line":98,"column":56}},"12":{"start":{"line":100,"column":4},"end":{"line":107,"column":null}},"13":{"start":{"line":110,"column":2},"end":{"line":110,"column":null}},"14":{"start":{"line":119,"column":23},"end":{"line":127,"column":2}},"15":{"start":{"line":120,"column":19},"end":{"line":120,"column":59}},"16":{"start":{"line":121,"column":20},"end":{"line":121,"column":37}},"17":{"start":{"line":124,"column":25},"end":{"line":124,"column":60}},"18":{"start":{"line":126,"column":2},"end":{"line":126,"column":null}},"19":{"start":{"line":137,"column":2},"end":{"line":137,"column":null}},"20":{"start":{"line":2,"column":7},"end":{"line":2,"column":null}},"21":{"start":{"line":3,"column":9},"end":{"line":3,"column":null}},"22":{"start":{"line":5,"column":6},"end":{"line":6,"column":null}}},"fnMap":{"0":{"name":"(anonymous_0)","decl":{"start":{"line":89,"column":27},"end":{"line":89,"column":28}},"loc":{"start":{"line":89,"column":33},"end":{"line":111,"column":1}},"line":89},"1":{"name":"(anonymous_1)","decl":{"start":{"line":119,"column":33},"end":{"line":119,"column":34}},"loc":{"start":{"line":119,"column":39},"end":{"line":127,"column":1}},"line":119},"2":{"name":"handleCellClick","decl":{"start":{"line":136,"column":9},"end":{"line":136,"column":24}},"loc":{"start":{"line":136,"column":35},"end":{"line":138,"column":null}},"line":136}},"branchMap":{"0":{"loc":{"start":{"line":96,"column":20},"end":{"line":96,"column":52}},"type":"binary-expr","locations":[{"start":{"line":96,"column":20},"end":{"line":96,"column":44}},{"start":{"line":96,"column":48},"end":{"line":96,"column":52}}],"line":96},"1":{"loc":{"start":{"line":124,"column":25},"end":{"line":124,"column":60}},"type":"cond-expr","locations":[{"start":{"line":124,"column":43},"end":{"line":124,"column":44}},{"start":{"line":124,"column":47},"end":{"line":124,"column":60}}],"line":124}},"s":{"0":3,"1":3,"2":3,"3":3,"4":3,"5":3,"6":3,"7":93,"8":93,"9":93,"10":93,"11":93,"12":93,"13":3,"14":3,"15":3,"16":3,"17":3,"18":3,"19":1,"20":1,"21":1,"22":21},"f":{"0":3,"1":3,"2":1},"b":{"0":[93,93],"1":[0,3]},"meta":{"lastBranch":2,"lastFunction":3,"lastStatement":23,"seen":{"s:50:14:50:Infinity":0,"s:82:13:82:40":1,"s:89:17:111:2":2,"f:89:27:89:28":0,"s:90:15:90:17":3,"s:91:21:91:61":4,"s:93:2:108:Infinity":5,"s:93:17:93:18":6,"s:94:17:94:59":7,"s:95:19:95:49":8,"s:96:20:96:52":9,"b:96:20:96:44:96:48:96:52":0,"s:97:24:97:40":10,"s:98:24:98:56":11,"s:100:4:107:Infinity":12,"s:110:2:110:Infinity":13,"s:119:23:127:2":14,"f:119:33:119:34":1,"s:120:19:120:59":15,"s:121:20:121:37":16,"s:124:25:124:60":17,"b:124:43:124:44:124:47:124:60":1,"s:126:2:126:Infinity":18,"f:136:9:136:24":2,"s:137:2:137:Infinity":19,"s:2:7:2:Infinity":20,"s:3:9:3:Infinity":21,"s:5:6:6:Infinity":22}}}
,"/var/www/back1/js/vue-apps/timesheet/components/EditDayModal.vue": {"path":"/var/www/back1/js/vue-apps/timesheet/components/EditDayModal.vue","statementMap":{"0":{"start":{"line":91,"column":14},"end":{"line":91,"column":null}},"1":{"start":{"line":106,"column":13},"end":{"line":106,"column":43}},"2":{"start":{"line":108,"column":17},"end":{"line":108,"column":31}},"3":{"start":{"line":110,"column":18},"end":{"line":110,"column":49}},"4":{"start":{"line":111,"column":19},"end":{"line":111,"column":54}},"5":{"start":{"line":112,"column":18},"end":{"line":112,"column":28}},"6":{"start":{"line":113,"column":19},"end":{"line":113,"column":29}},"7":{"start":{"line":115,"column":16},"end":{"line":115,"column":53}},"8":{"start":{"line":115,"column":32},"end":{"line":115,"column":52}},"9":{"start":{"line":116,"column":17},"end":{"line":116,"column":60}},"10":{"start":{"line":116,"column":33},"end":{"line":116,"column":59}},"11":{"start":{"line":118,"column":15},"end":{"line":120,"column":2}},"12":{"start":{"line":119,"column":2},"end":{"line":119,"column":null}},"13":{"start":{"line":123,"column":0},"end":{"line":130,"column":null}},"14":{"start":{"line":123,"column":12},"end":{"line":123,"column":25}},"15":{"start":{"line":124,"column":2},"end":{"line":129,"column":null}},"16":{"start":{"line":125,"column":4},"end":{"line":125,"column":null}},"17":{"start":{"line":126,"column":4},"end":{"line":126,"column":null}},"18":{"start":{"line":127,"column":4},"end":{"line":127,"column":null}},"19":{"start":{"line":128,"column":4},"end":{"line":128,"column":null}},"20":{"start":{"line":134,"column":2},"end":{"line":138,"column":null}},"21":{"start":{"line":135,"column":4},"end":{"line":135,"column":null}},"22":{"start":{"line":136,"column":4},"end":{"line":136,"column":null}},"23":{"start":{"line":137,"column":4},"end":{"line":137,"column":null}},"24":{"start":{"line":140,"column":16},"end":{"line":140,"column":48}},"25":{"start":{"line":141,"column":2},"end":{"line":145,"column":null}},"26":{"start":{"line":142,"column":4},"end":{"line":142,"column":33}},"27":{"start":{"line":144,"column":4},"end":{"line":144,"column":null}},"28":{"start":{"line":148,"column":2},"end":{"line":148,"column":null}},"29":{"start":{"line":153,"column":2},"end":{"line":157,"column":null}},"30":{"start":{"line":154,"column":4},"end":{"line":154,"column":null}},"31":{"start":{"line":155,"column":4},"end":{"line":155,"column":null}},"32":{"start":{"line":156,"column":4},"end":{"line":156,"column":null}},"33":{"start":{"line":159,"column":16},"end":{"line":159,"column":50}},"34":{"start":{"line":160,"column":2},"end":{"line":164,"column":null}},"35":{"start":{"line":161,"column":4},"end":{"line":161,"column":34}},"36":{"start":{"line":163,"column":4},"end":{"line":163,"column":null}},"37":{"start":{"line":167,"column":2},"end":{"line":167,"column":null}},"38":{"start":{"line":172,"column":19},"end":{"line":175,"column":3}},"39":{"start":{"line":177,"column":16},"end":{"line":177,"column":43}},"40":{"start":{"line":180,"column":24},"end":{"line":180,"column":72}},"41":{"start":{"line":180,"column":43},"end":{"line":180,"column":71}},"42":{"start":{"line":181,"column":2},"end":{"line":187,"column":null}},"43":{"start":{"line":182,"column":4},"end":{"line":186,"column":null}},"44":{"start":{"line":183,"column":6},"end":{"line":183,"column":null}},"45":{"start":{"line":184,"column":11},"end":{"line":186,"column":null}},"46":{"start":{"line":185,"column":6},"end":{"line":185,"column":null}},"47":{"start":{"line":193,"column":2},"end":{"line":193,"column":null}},"48":{"start":{"line":194,"column":2},"end":{"line":194,"column":null}},"49":{"start":{"line":196,"column":2},"end":{"line":198,"column":null}},"50":{"start":{"line":197,"column":4},"end":{"line":197,"column":null}},"51":{"start":{"line":200,"column":18},"end":{"line":203,"column":3}},"52":{"start":{"line":205,"column":2},"end":{"line":205,"column":null}},"53":{"start":{"line":206,"column":2},"end":{"line":206,"column":null}},"54":{"start":{"line":211,"column":2},"end":{"line":211,"column":null}},"55":{"start":{"line":216,"column":2},"end":{"line":218,"column":null}},"56":{"start":{"line":217,"column":4},"end":{"line":217,"column":null}},"57":{"start":{"line":10,"column":13},"end":{"line":10,"column":null}},"58":{"start":{"line":16,"column":15},"end":{"line":16,"column":null}},"59":{"start":{"line":33,"column":15},"end":{"line":33,"column":null}},"60":{"start":{"line":51,"column":15},"end":{"line":51,"column":null}},"61":{"start":{"line":20,"column":30},"end":{"line":20,"column":41}},"62":{"start":{"line":37,"column":23},"end":{"line":37,"column":null}},"63":{"start":{"line":44,"column":14},"end":{"line":45,"column":null}}},"fnMap":{"0":{"name":"(anonymous_0)","decl":{"start":{"line":115,"column":26},"end":{"line":115,"column":27}},"loc":{"start":{"line":115,"column":32},"end":{"line":115,"column":52}},"line":115},"1":{"name":"(anonymous_1)","decl":{"start":{"line":116,"column":27},"end":{"line":116,"column":28}},"loc":{"start":{"line":116,"column":33},"end":{"line":116,"column":59}},"line":116},"2":{"name":"(anonymous_2)","decl":{"start":{"line":118,"column":25},"end":{"line":118,"column":26}},"loc":{"start":{"line":118,"column":31},"end":{"line":120,"column":1}},"line":118},"3":{"name":"(anonymous_3)","decl":{"start":{"line":123,"column":6},"end":{"line":123,"column":7}},"loc":{"start":{"line":123,"column":12},"end":{"line":123,"column":25}},"line":123},"4":{"name":"(anonymous_4)","decl":{"start":{"line":123,"column":27},"end":{"line":123,"column":28}},"loc":{"start":{"line":123,"column":39},"end":{"line":130,"column":1}},"line":123},"5":{"name":"validateHoursInput","decl":{"start":{"line":133,"column":9},"end":{"line":133,"column":27}},"loc":{"start":{"line":133,"column":30},"end":{"line":149,"column":null}},"line":133},"6":{"name":"validateStatusInput","decl":{"start":{"line":152,"column":9},"end":{"line":152,"column":28}},"loc":{"start":{"line":152,"column":31},"end":{"line":168,"column":null}},"line":152},"7":{"name":"validateDayEntryRule","decl":{"start":{"line":171,"column":9},"end":{"line":171,"column":29}},"loc":{"start":{"line":171,"column":32},"end":{"line":188,"column":null}},"line":171},"8":{"name":"(anonymous_8)","decl":{"start":{"line":180,"column":36},"end":{"line":180,"column":39}},"loc":{"start":{"line":180,"column":43},"end":{"line":180,"column":71}},"line":180},"9":{"name":"handleSave","decl":{"start":{"line":191,"column":9},"end":{"line":191,"column":19}},"loc":{"start":{"line":191,"column":22},"end":{"line":207,"column":null}},"line":191},"10":{"name":"handleClose","decl":{"start":{"line":210,"column":9},"end":{"line":210,"column":20}},"loc":{"start":{"line":210,"column":23},"end":{"line":212,"column":null}},"line":210},"11":{"name":"handleOverlayClick","decl":{"start":{"line":215,"column":9},"end":{"line":215,"column":27}},"loc":{"start":{"line":215,"column":35},"end":{"line":219,"column":null}},"line":215},"12":{"name":"(anonymous_12)","decl":{"start":{"line":9,"column":33},"end":{"line":9,"column":34}},"loc":{"start":{"line":9,"column":33},"end":{"line":9,"column":34}},"line":9},"13":{"name":"(anonymous_13)","decl":{"start":{"line":20,"column":30},"end":{"line":20,"column":40}},"loc":{"start":{"line":20,"column":30},"end":{"line":20,"column":41}},"line":20},"14":{"name":"(anonymous_14)","decl":{"start":{"line":37,"column":23},"end":{"line":37,"column":34}},"loc":{"start":{"line":37,"column":23},"end":{"line":37,"column":null}},"line":37}},"branchMap":{"0":{"loc":{"start":{"line":110,"column":23},"end":{"line":110,"column":48}},"type":"binary-expr","locations":[{"start":{"line":110,"column":23},"end":{"line":110,"column":43}},{"start":{"line":110,"column":47},"end":{"line":110,"column":48}}],"line":110},"1":{"loc":{"start":{"line":111,"column":24},"end":{"line":111,"column":53}},"type":"binary-expr","locations":[{"start":{"line":111,"column":24},"end":{"line":111,"column":45}},{"start":{"line":111,"column":49},"end":{"line":111,"column":53}}],"line":111},"2":{"loc":{"start":{"line":119,"column":9},"end":{"line":119,"column":48}},"type":"binary-expr","locations":[{"start":{"line":119,"column":9},"end":{"line":119,"column":26}},{"start":{"line":119,"column":30},"end":{"line":119,"column":48}}],"line":119},"3":{"loc":{"start":{"line":124,"column":2},"end":{"line":129,"column":null}},"type":"if","locations":[{"start":{"line":124,"column":2},"end":{"line":129,"column":null}},{"start":{},"end":{}}],"line":124},"4":{"loc":{"start":{"line":125,"column":23},"end":{"line":125,"column":48}},"type":"binary-expr","locations":[{"start":{"line":125,"column":23},"end":{"line":125,"column":43}},{"start":{"line":125,"column":47},"end":{"line":125,"column":48}}],"line":125},"5":{"loc":{"start":{"line":126,"column":24},"end":{"line":126,"column":53}},"type":"binary-expr","locations":[{"start":{"line":126,"column":24},"end":{"line":126,"column":45}},{"start":{"line":126,"column":49},"end":{"line":126,"column":53}}],"line":126},"6":{"loc":{"start":{"line":134,"column":2},"end":{"line":138,"column":null}},"type":"if","locations":[{"start":{"line":134,"column":2},"end":{"line":138,"column":null}},{"start":{},"end":{}}],"line":134},"7":{"loc":{"start":{"line":141,"column":2},"end":{"line":145,"column":null}},"type":"if","locations":[{"start":{"line":141,"column":2},"end":{"line":145,"column":null}},{"start":{"line":143,"column":9},"end":{"line":145,"column":null}}],"line":141},"8":{"loc":{"start":{"line":153,"column":2},"end":{"line":157,"column":null}},"type":"if","locations":[{"start":{"line":153,"column":2},"end":{"line":157,"column":null}},{"start":{},"end":{}}],"line":153},"9":{"loc":{"start":{"line":160,"column":2},"end":{"line":164,"column":null}},"type":"if","locations":[{"start":{"line":160,"column":2},"end":{"line":164,"column":null}},{"start":{"line":162,"column":9},"end":{"line":164,"column":null}}],"line":160},"10":{"loc":{"start":{"line":181,"column":2},"end":{"line":187,"column":null}},"type":"if","locations":[{"start":{"line":181,"column":2},"end":{"line":187,"column":null}},{"start":{},"end":{}}],"line":181},"11":{"loc":{"start":{"line":182,"column":4},"end":{"line":186,"column":null}},"type":"if","locations":[{"start":{"line":182,"column":4},"end":{"line":186,"column":null}},{"start":{"line":184,"column":11},"end":{"line":186,"column":null}}],"line":182},"12":{"loc":{"start":{"line":184,"column":11},"end":{"line":186,"column":null}},"type":"if","locations":[{"start":{"line":184,"column":11},"end":{"line":186,"column":null}},{"start":{},"end":{}}],"line":184},"13":{"loc":{"start":{"line":196,"column":2},"end":{"line":198,"column":null}},"type":"if","locations":[{"start":{"line":196,"column":2},"end":{"line":198,"column":null}},{"start":{},"end":{}}],"line":196},"14":{"loc":{"start":{"line":201,"column":11},"end":{"line":201,"column":49}},"type":"cond-expr","locations":[{"start":{"line":201,"column":29},"end":{"line":201,"column":30}},{"start":{"line":201,"column":33},"end":{"line":201,"column":49}}],"line":201},"15":{"loc":{"start":{"line":202,"column":12},"end":{"line":202,"column":null}},"type":"cond-expr","locations":[{"start":{"line":202,"column":29},"end":{"line":202,"column":33}},{"start":{"line":202,"column":36},"end":{"line":202,"column":null}}],"line":202},"16":{"loc":{"start":{"line":216,"column":2},"end":{"line":218,"column":null}},"type":"if","locations":[{"start":{"line":216,"column":2},"end":{"line":218,"column":null}},{"start":{},"end":{}}],"line":216},"17":{"loc":{"start":{"line":9,"column":39},"end":{"line":9,"column":null}},"type":"binary-expr","locations":[{"start":{"line":9,"column":39},"end":{"line":9,"column":44}},{"start":{"line":9,"column":39},"end":{"line":9,"column":null}}],"line":9},"18":{"loc":{"start":{"line":17,"column":12},"end":{"line":17,"column":44}},"type":"binary-expr","locations":[{"start":{"line":17,"column":12},"end":{"line":17,"column":19}},{"start":{"line":17,"column":12},"end":{"line":17,"column":44}}],"line":17},"19":{"loc":{"start":{"line":20,"column":30},"end":{"line":20,"column":41}},"type":"binary-expr","locations":[{"start":{"line":20,"column":30},"end":{"line":20,"column":40}},{"start":{"line":20,"column":30},"end":{"line":20,"column":41}}],"line":20},"20":{"loc":{"start":{"line":34,"column":12},"end":{"line":34,"column":47}},"type":"binary-expr","locations":[{"start":{"line":34,"column":12},"end":{"line":34,"column":19}},{"start":{"line":34,"column":12},"end":{"line":34,"column":47}}],"line":34},"21":{"loc":{"start":{"line":37,"column":23},"end":{"line":37,"column":null}},"type":"binary-expr","locations":[{"start":{"line":37,"column":23},"end":{"line":37,"column":34}},{"start":{"line":37,"column":23},"end":{"line":37,"column":null}}],"line":37},"22":{"loc":{"start":{"line":43,"column":14},"end":{"line":43,"column":48}},"type":"binary-expr","locations":[{"start":{"line":43,"column":14},"end":{"line":43,"column":23}},{"start":{"line":43,"column":14},"end":{"line":43,"column":48}}],"line":43}},"s":{"0":5,"1":5,"2":5,"3":5,"4":5,"5":5,"6":5,"7":5,"8":4,"9":5,"10":4,"11":5,"12":4,"13":5,"14":5,"15":0,"16":0,"17":0,"18":0,"19":0,"20":1,"21":0,"22":0,"23":0,"24":1,"25":1,"26":0,"27":1,"28":1,"29":1,"30":1,"31":1,"32":1,"33":0,"34":0,"35":0,"36":0,"37":0,"38":1,"39":1,"40":1,"41":0,"42":1,"43":0,"44":0,"45":0,"46":0,"47":1,"48":1,"49":1,"50":0,"51":1,"52":1,"53":1,"54":2,"55":0,"56":0,"57":1,"58":1,"59":1,"60":1,"61":0,"62":0,"63":16},"f":{"0":4,"1":4,"2":4,"3":5,"4":0,"5":1,"6":1,"7":1,"8":0,"9":1,"10":2,"11":0,"12":1,"13":0,"14":0},"b":{"0":[5,4],"1":[5,5],"2":[4,4],"3":[0,0],"4":[0,0],"5":[0,0],"6":[0,1],"7":[0,1],"8":[1,0],"9":[0,0],"10":[0,1],"11":[0,0],"12":[0,0],"13":[0,1],"14":[0,1],"15":[1,0],"16":[0,0],"17":[4,4],"18":[4,4],"19":[4,4],"20":[4,4],"21":[4,4],"22":[4,4]},"meta":{"lastBranch":23,"lastFunction":15,"lastStatement":64,"seen":{"s:91:14:91:Infinity":0,"s:106:13:106:43":1,"s:108:17:108:31":2,"s:110:18:110:49":3,"b:110:23:110:43:110:47:110:48":0,"s:111:19:111:54":4,"b:111:24:111:45:111:49:111:53":1,"s:112:18:112:28":5,"s:113:19:113:29":6,"s:115:16:115:53":7,"f:115:26:115:27":0,"s:115:32:115:52":8,"s:116:17:116:60":9,"f:116:27:116:28":1,"s:116:33:116:59":10,"s:118:15:120:2":11,"f:118:25:118:26":2,"s:119:2:119:Infinity":12,"b:119:9:119:26:119:30:119:48":2,"s:123:0:130:Infinity":13,"f:123:6:123:7":3,"s:123:12:123:25":14,"f:123:27:123:28":4,"b:124:2:129:Infinity:undefined:undefined:undefined:undefined":3,"s:124:2:129:Infinity":15,"s:125:4:125:Infinity":16,"b:125:23:125:43:125:47:125:48":4,"s:126:4:126:Infinity":17,"b:126:24:126:45:126:49:126:53":5,"s:127:4:127:Infinity":18,"s:128:4:128:Infinity":19,"f:133:9:133:27":5,"b:134:2:138:Infinity:undefined:undefined:undefined:undefined":6,"s:134:2:138:Infinity":20,"s:135:4:135:Infinity":21,"s:136:4:136:Infinity":22,"s:137:4:137:Infinity":23,"s:140:16:140:48":24,"b:141:2:145:Infinity:143:9:145:Infinity":7,"s:141:2:145:Infinity":25,"s:142:4:142:33":26,"s:144:4:144:Infinity":27,"s:148:2:148:Infinity":28,"f:152:9:152:28":6,"b:153:2:157:Infinity:undefined:undefined:undefined:undefined":8,"s:153:2:157:Infinity":29,"s:154:4:154:Infinity":30,"s:155:4:155:Infinity":31,"s:156:4:156:Infinity":32,"s:159:16:159:50":33,"b:160:2:164:Infinity:162:9:164:Infinity":9,"s:160:2:164:Infinity":34,"s:161:4:161:34":35,"s:163:4:163:Infinity":36,"s:167:2:167:Infinity":37,"f:171:9:171:29":7,"s:172:19:175:3":38,"s:177:16:177:43":39,"s:180:24:180:72":40,"f:180:36:180:39":8,"s:180:43:180:71":41,"b:181:2:187:Infinity:undefined:undefined:undefined:undefined":10,"s:181:2:187:Infinity":42,"b:182:4:186:Infinity:184:11:186:Infinity":11,"s:182:4:186:Infinity":43,"s:183:6:183:Infinity":44,"b:184:11:186:Infinity:undefined:undefined:undefined:undefined":12,"s:184:11:186:Infinity":45,"s:185:6:185:Infinity":46,"f:191:9:191:19":9,"s:193:2:193:Infinity":47,"s:194:2:194:Infinity":48,"b:196:2:198:Infinity:undefined:undefined:undefined:undefined":13,"s:196:2:198:Infinity":49,"s:197:4:197:Infinity":50,"s:200:18:203:3":51,"b:201:29:201:30:201:33:201:49":14,"b:202:29:202:33:202:36:202:Infinity":15,"s:205:2:205:Infinity":52,"s:206:2:206:Infinity":53,"f:210:9:210:20":10,"s:211:2:211:Infinity":54,"f:215:9:215:27":11,"b:216:2:218:Infinity:undefined:undefined:undefined:undefined":16,"s:216:2:218:Infinity":55,"s:217:4:217:Infinity":56,"s:10:13:10:Infinity":57,"s:16:15:16:Infinity":58,"s:33:15:33:Infinity":59,"s:51:15:51:Infinity":60,"b:9:39:9:44:9:39:9:Infinity":17,"f:9:33:9:34":12,"b:17:12:17:19:17:12:17:44":18,"b:20:30:20:40:20:30:20:41":19,"f:20:30:20:40":13,"s:20:30:20:41":61,"b:34:12:34:19:34:12:34:47":20,"b:37:23:37:34:37:23:37:Infinity":21,"f:37:23:37:34":14,"s:37:23:37:Infinity":62,"b:43:14:43:23:43:14:43:48":22,"s:44:14:45:Infinity":63}}}
,"/var/www/back1/js/vue-apps/timesheet/components/FillWeekButton.vue": {"path":"/var/www/back1/js/vue-apps/timesheet/components/FillWeekButton.vue","statementMap":{"0":{"start":{"line":34,"column":14},"end":{"line":34,"column":null}},"1":{"start":{"line":53,"column":13},"end":{"line":53,"column":39}},"2":{"start":{"line":55,"column":15},"end":{"line":55,"column":26}},"3":{"start":{"line":61,"column":2},"end":{"line":130,"column":null}},"4":{"start":{"line":63,"column":16},"end":{"line":63,"column":33}},"5":{"start":{"line":64,"column":23},"end":{"line":64,"column":25}},"6":{"start":{"line":67,"column":23},"end":{"line":67,"column":63}},"7":{"start":{"line":68,"column":21},"end":{"line":68,"column":57}},"8":{"start":{"line":71,"column":22},"end":{"line":71,"column":73}},"9":{"start":{"line":72,"column":20},"end":{"line":72,"column":67}},"10":{"start":{"line":75,"column":4},"end":{"line":100,"column":null}},"11":{"start":{"line":75,"column":20},"end":{"line":75,"column":39}},"12":{"start":{"line":76,"column":18},"end":{"line":76,"column":32}},"13":{"start":{"line":77,"column":21},"end":{"line":77,"column":51}},"14":{"start":{"line":80,"column":6},"end":{"line":82,"column":null}},"15":{"start":{"line":81,"column":8},"end":{"line":81,"column":null}},"16":{"start":{"line":85,"column":6},"end":{"line":87,"column":null}},"17":{"start":{"line":86,"column":8},"end":{"line":86,"column":null}},"18":{"start":{"line":90,"column":26},"end":{"line":90,"column":48}},"19":{"start":{"line":91,"column":6},"end":{"line":93,"column":null}},"20":{"start":{"line":92,"column":8},"end":{"line":92,"column":null}},"21":{"start":{"line":96,"column":6},"end":{"line":99,"column":null}},"22":{"start":{"line":103,"column":22},"end":{"line":103,"column":52}},"23":{"start":{"line":104,"column":4},"end":{"line":107,"column":null}},"24":{"start":{"line":105,"column":6},"end":{"line":105,"column":null}},"25":{"start":{"line":106,"column":6},"end":{"line":106,"column":null}},"26":{"start":{"line":110,"column":21},"end":{"line":110,"column":78}},"27":{"start":{"line":111,"column":27},"end":{"line":111,"column":104}},"28":{"start":{"line":113,"column":4},"end":{"line":115,"column":null}},"29":{"start":{"line":114,"column":6},"end":{"line":114,"column":null}},"30":{"start":{"line":118,"column":4},"end":{"line":118,"column":null}},"31":{"start":{"line":119,"column":4},"end":{"line":119,"column":null}},"32":{"start":{"line":122,"column":4},"end":{"line":124,"column":null}},"33":{"start":{"line":123,"column":6},"end":{"line":123,"column":null}},"34":{"start":{"line":127,"column":4},"end":{"line":127,"column":null}},"35":{"start":{"line":128,"column":4},"end":{"line":128,"column":null}},"36":{"start":{"line":129,"column":4},"end":{"line":129,"column":null}}},"fnMap":{"0":{"name":"handleFillWeek","decl":{"start":{"line":60,"column":9},"end":{"line":60,"column":23}},"loc":{"start":{"line":60,"column":26},"end":{"line":131,"column":null}},"line":60},"1":{"name":"(anonymous_1)","decl":{"start":{"line":122,"column":15},"end":{"line":122,"column":16}},"loc":{"start":{"line":122,"column":21},"end":{"line":124,"column":5}},"line":122}},"branchMap":{"0":{"loc":{"start":{"line":71,"column":22},"end":{"line":71,"column":73}},"type":"cond-expr","locations":[{"start":{"line":71,"column":49},"end":{"line":71,"column":60}},{"start":{"line":71,"column":63},"end":{"line":71,"column":73}}],"line":71},"1":{"loc":{"start":{"line":72,"column":20},"end":{"line":72,"column":67}},"type":"cond-expr","locations":[{"start":{"line":72,"column":45},"end":{"line":72,"column":56}},{"start":{"line":72,"column":59},"end":{"line":72,"column":67}}],"line":72},"2":{"loc":{"start":{"line":80,"column":6},"end":{"line":82,"column":null}},"type":"if","locations":[{"start":{"line":80,"column":6},"end":{"line":82,"column":null}},{"start":{},"end":{}}],"line":80},"3":{"loc":{"start":{"line":85,"column":6},"end":{"line":87,"column":null}},"type":"if","locations":[{"start":{"line":85,"column":6},"end":{"line":87,"column":null}},{"start":{},"end":{}}],"line":85},"4":{"loc":{"start":{"line":91,"column":6},"end":{"line":93,"column":null}},"type":"if","locations":[{"start":{"line":91,"column":6},"end":{"line":93,"column":null}},{"start":{},"end":{}}],"line":91},"5":{"loc":{"start":{"line":91,"column":10},"end":{"line":91,"column":43}},"type":"binary-expr","locations":[{"start":{"line":91,"column":10},"end":{"line":91,"column":21}},{"start":{"line":91,"column":25},"end":{"line":91,"column":43}}],"line":91},"6":{"loc":{"start":{"line":104,"column":4},"end":{"line":107,"column":null}},"type":"if","locations":[{"start":{"line":104,"column":4},"end":{"line":107,"column":null}},{"start":{},"end":{}}],"line":104},"7":{"loc":{"start":{"line":110,"column":21},"end":{"line":110,"column":78}},"type":"cond-expr","locations":[{"start":{"line":110,"column":39},"end":{"line":110,"column":45}},{"start":{"line":110,"column":48},"end":{"line":110,"column":78}}],"line":110},"8":{"loc":{"start":{"line":110,"column":48},"end":{"line":110,"column":78}},"type":"cond-expr","locations":[{"start":{"line":110,"column":64},"end":{"line":110,"column":69}},{"start":{"line":110,"column":72},"end":{"line":110,"column":78}}],"line":110},"9":{"loc":{"start":{"line":113,"column":4},"end":{"line":115,"column":null}},"type":"if","locations":[{"start":{"line":113,"column":4},"end":{"line":115,"column":null}},{"start":{},"end":{}}],"line":113},"10":{"loc":{"start":{"line":8,"column":16},"end":{"line":12,"column":60}},"type":"cond-expr","locations":[{"start":{"line":12,"column":4},"end":{"line":12,"column":60}}],"line":8}},"s":{"0":3,"1":3,"2":3,"3":1,"4":1,"5":1,"6":1,"7":1,"8":1,"9":1,"10":1,"11":1,"12":7,"13":7,"14":7,"15":2,"16":5,"17":0,"18":5,"19":5,"20":0,"21":5,"22":1,"23":1,"24":0,"25":0,"26":1,"27":1,"28":1,"29":0,"30":1,"31":1,"32":1,"33":0,"34":0,"35":0,"36":0},"f":{"0":1,"1":0},"b":{"0":[1,0],"1":[1,0],"2":[2,5],"3":[0,5],"4":[0,5],"5":[5,0],"6":[0,1],"7":[0,1],"8":[0,1],"9":[0,1],"10":[2,null]},"meta":{"lastBranch":0,"lastFunction":0,"lastStatement":0,"seen":{}}}
,"/var/www/back1/js/vue-apps/timesheet/components/PeriodSelector.vue": {"path":"/var/www/back1/js/vue-apps/timesheet/components/PeriodSelector.vue","statementMap":{"0":{"start":{"line":51,"column":14},"end":{"line":51,"column":null}},"1":{"start":{"line":62,"column":13},"end":{"line":62,"column":43}},"2":{"start":{"line":64,"column":20},"end":{"line":64,"column":56}},"3":{"start":{"line":65,"column":21},"end":{"line":65,"column":59}},"4":{"start":{"line":68,"column":18},"end":{"line":74,"column":2}},"5":{"start":{"line":69,"column":16},"end":{"line":69,"column":18}},"6":{"start":{"line":70,"column":2},"end":{"line":72,"column":null}},"7":{"start":{"line":70,"column":18},"end":{"line":70,"column":33}},"8":{"start":{"line":71,"column":4},"end":{"line":71,"column":null}},"9":{"start":{"line":73,"column":2},"end":{"line":73,"column":null}},"10":{"start":{"line":77,"column":21},"end":{"line":79,"column":1}},"11":{"start":{"line":78,"column":2},"end":{"line":78,"column":null}},"12":{"start":{"line":82,"column":22},"end":{"line":84,"column":1}},"13":{"start":{"line":83,"column":2},"end":{"line":83,"column":null}},"14":{"start":{"line":87,"column":27},"end":{"line":106,"column":1}},"15":{"start":{"line":89,"column":2},"end":{"line":93,"column":null}},"16":{"start":{"line":90,"column":4},"end":{"line":90,"column":null}},"17":{"start":{"line":91,"column":4},"end":{"line":91,"column":null}},"18":{"start":{"line":92,"column":4},"end":{"line":92,"column":null}},"19":{"start":{"line":95,"column":2},"end":{"line":99,"column":null}},"20":{"start":{"line":96,"column":4},"end":{"line":96,"column":null}},"21":{"start":{"line":97,"column":4},"end":{"line":97,"column":null}},"22":{"start":{"line":98,"column":4},"end":{"line":98,"column":null}},"23":{"start":{"line":102,"column":2},"end":{"line":105,"column":null}},"24":{"start":{"line":109,"column":0},"end":{"line":116,"column":null}},"25":{"start":{"line":110,"column":2},"end":{"line":112,"column":null}},"26":{"start":{"line":111,"column":4},"end":{"line":111,"column":null}},"27":{"start":{"line":113,"column":2},"end":{"line":115,"column":null}},"28":{"start":{"line":114,"column":4},"end":{"line":114,"column":null}},"29":{"start":{"line":2,"column":7},"end":{"line":2,"column":null}},"30":{"start":{"line":6,"column":15},"end":{"line":6,"column":null}},"31":{"start":{"line":10,"column":6},"end":{"line":15,"column":null}},"32":{"start":{"line":22,"column":15},"end":{"line":22,"column":null}},"33":{"start":{"line":26,"column":6},"end":{"line":31,"column":null}}},"fnMap":{"0":{"name":"(anonymous_0)","decl":{"start":{"line":68,"column":28},"end":{"line":68,"column":29}},"loc":{"start":{"line":68,"column":34},"end":{"line":74,"column":1}},"line":68},"1":{"name":"(anonymous_1)","decl":{"start":{"line":77,"column":21},"end":{"line":77,"column":22}},"loc":{"start":{"line":77,"column":31},"end":{"line":79,"column":1}},"line":77},"2":{"name":"(anonymous_2)","decl":{"start":{"line":82,"column":22},"end":{"line":82,"column":23}},"loc":{"start":{"line":82,"column":33},"end":{"line":84,"column":1}},"line":82},"3":{"name":"(anonymous_3)","decl":{"start":{"line":87,"column":27},"end":{"line":87,"column":28}},"loc":{"start":{"line":87,"column":33},"end":{"line":106,"column":1}},"line":87},"4":{"name":"(anonymous_4)","decl":{"start":{"line":109,"column":10},"end":{"line":109,"column":11}},"loc":{"start":{"line":109,"column":16},"end":{"line":116,"column":1}},"line":109},"5":{"name":"(anonymous_5)","decl":{"start":{"line":6,"column":15},"end":{"line":6,"column":28}},"loc":{"start":{"line":6,"column":15},"end":{"line":6,"column":null}},"line":6},"6":{"name":"(anonymous_6)","decl":{"start":{"line":22,"column":15},"end":{"line":22,"column":27}},"loc":{"start":{"line":22,"column":15},"end":{"line":22,"column":null}},"line":22}},"branchMap":{"0":{"loc":{"start":{"line":64,"column":25},"end":{"line":64,"column":55}},"type":"binary-expr","locations":[{"start":{"line":64,"column":25},"end":{"line":64,"column":35}},{"start":{"line":64,"column":38},"end":{"line":64,"column":55}}],"line":64},"1":{"loc":{"start":{"line":65,"column":26},"end":{"line":65,"column":58}},"type":"binary-expr","locations":[{"start":{"line":65,"column":26},"end":{"line":65,"column":37}},{"start":{"line":65,"column":40},"end":{"line":65,"column":58}}],"line":65},"2":{"loc":{"start":{"line":78,"column":9},"end":{"line":78,"column":59}},"type":"binary-expr","locations":[{"start":{"line":78,"column":9},"end":{"line":78,"column":32}},{"start":{"line":78,"column":36},"end":{"line":78,"column":59}}],"line":78},"3":{"loc":{"start":{"line":83,"column":9},"end":{"line":83,"column":63}},"type":"binary-expr","locations":[{"start":{"line":83,"column":9},"end":{"line":83,"column":34}},{"start":{"line":83,"column":38},"end":{"line":83,"column":63}}],"line":83},"4":{"loc":{"start":{"line":89,"column":2},"end":{"line":93,"column":null}},"type":"if","locations":[{"start":{"line":89,"column":2},"end":{"line":93,"column":null}},{"start":{},"end":{}}],"line":89},"5":{"loc":{"start":{"line":95,"column":2},"end":{"line":99,"column":null}},"type":"if","locations":[{"start":{"line":95,"column":2},"end":{"line":99,"column":null}},{"start":{},"end":{}}],"line":95},"6":{"loc":{"start":{"line":110,"column":2},"end":{"line":112,"column":null}},"type":"if","locations":[{"start":{"line":110,"column":2},"end":{"line":112,"column":null}},{"start":{},"end":{}}],"line":110},"7":{"loc":{"start":{"line":110,"column":6},"end":{"line":110,"column":44}},"type":"binary-expr","locations":[{"start":{"line":110,"column":6},"end":{"line":110,"column":16}},{"start":{"line":110,"column":20},"end":{"line":110,"column":44}}],"line":110},"8":{"loc":{"start":{"line":113,"column":2},"end":{"line":115,"column":null}},"type":"if","locations":[{"start":{"line":113,"column":2},"end":{"line":115,"column":null}},{"start":{},"end":{}}],"line":113},"9":{"loc":{"start":{"line":113,"column":6},"end":{"line":113,"column":47}},"type":"binary-expr","locations":[{"start":{"line":113,"column":6},"end":{"line":113,"column":17}},{"start":{"line":113,"column":21},"end":{"line":113,"column":47}}],"line":113},"10":{"loc":{"start":{"line":3,"column":4},"end":{"line":3,"column":58}},"type":"binary-expr","locations":[{"start":{"line":3,"column":4},"end":{"line":3,"column":11}},{"start":{"line":3,"column":4},"end":{"line":3,"column":58}}],"line":3},"11":{"loc":{"start":{"line":6,"column":15},"end":{"line":6,"column":null}},"type":"binary-expr","locations":[{"start":{"line":6,"column":15},"end":{"line":6,"column":28}},{"start":{"line":6,"column":15},"end":{"line":6,"column":null}}],"line":6},"12":{"loc":{"start":{"line":19,"column":4},"end":{"line":19,"column":55}},"type":"binary-expr","locations":[{"start":{"line":19,"column":4},"end":{"line":19,"column":11}},{"start":{"line":19,"column":4},"end":{"line":19,"column":55}}],"line":19},"13":{"loc":{"start":{"line":22,"column":15},"end":{"line":22,"column":null}},"type":"binary-expr","locations":[{"start":{"line":22,"column":15},"end":{"line":22,"column":27}},{"start":{"line":22,"column":15},"end":{"line":22,"column":null}}],"line":22}},"s":{"0":5,"1":5,"2":5,"3":5,"4":5,"5":5,"6":5,"7":5,"8":55,"9":5,"10":5,"11":3,"12":5,"13":3,"14":5,"15":2,"16":0,"17":0,"18":0,"19":2,"20":0,"21":0,"22":0,"23":2,"24":5,"25":5,"26":1,"27":5,"28":1,"29":1,"30":1,"31":84,"32":1,"33":77},"f":{"0":5,"1":3,"2":3,"3":2,"4":5,"5":1,"6":1},"b":{"0":[5,4],"1":[5,4],"2":[3,3],"3":[3,3],"4":[0,2],"5":[0,2],"6":[1,4],"7":[5,1],"8":[1,4],"9":[5,1],"10":[7,5],"11":[7,5],"12":[7,5],"13":[7,5]},"meta":{"lastBranch":14,"lastFunction":7,"lastStatement":34,"seen":{"s:51:14:51:Infinity":0,"s:62:13:62:43":1,"s:64:20:64:56":2,"b:64:25:64:35:64:38:64:55":0,"s:65:21:65:59":3,"b:65:26:65:37:65:40:65:58":1,"s:68:18:74:2":4,"f:68:28:68:29":0,"s:69:16:69:18":5,"s:70:2:72:Infinity":6,"s:70:18:70:33":7,"s:71:4:71:Infinity":8,"s:73:2:73:Infinity":9,"s:77:21:79:1":10,"f:77:21:77:22":1,"s:78:2:78:Infinity":11,"b:78:9:78:32:78:36:78:59":2,"s:82:22:84:1":12,"f:82:22:82:23":2,"s:83:2:83:Infinity":13,"b:83:9:83:34:83:38:83:63":3,"s:87:27:106:1":14,"f:87:27:87:28":3,"b:89:2:93:Infinity:undefined:undefined:undefined:undefined":4,"s:89:2:93:Infinity":15,"s:90:4:90:Infinity":16,"s:91:4:91:Infinity":17,"s:92:4:92:Infinity":18,"b:95:2:99:Infinity:undefined:undefined:undefined:undefined":5,"s:95:2:99:Infinity":19,"s:96:4:96:Infinity":20,"s:97:4:97:Infinity":21,"s:98:4:98:Infinity":22,"s:102:2:105:Infinity":23,"s:109:0:116:Infinity":24,"f:109:10:109:11":4,"b:110:2:112:Infinity:undefined:undefined:undefined:undefined":6,"s:110:2:112:Infinity":25,"b:110:6:110:16:110:20:110:44":7,"s:111:4:111:Infinity":26,"b:113:2:115:Infinity:undefined:undefined:undefined:undefined":8,"s:113:2:115:Infinity":27,"b:113:6:113:17:113:21:113:47":9,"s:114:4:114:Infinity":28,"s:2:7:2:Infinity":29,"b:3:4:3:11:3:4:3:58":10,"b:6:15:6:28:6:15:6:Infinity":11,"f:6:15:6:28":5,"s:6:15:6:Infinity":30,"s:10:6:15:Infinity":31,"b:19:4:19:11:19:4:19:55":12,"b:22:15:22:27:22:15:22:Infinity":13,"f:22:15:22:27":6,"s:22:15:22:Infinity":32,"s:26:6:31:Infinity":33}}}
,"/var/www/back1/js/vue-apps/timesheet/components/Preloader.vue": {"path":"/var/www/back1/js/vue-apps/timesheet/components/Preloader.vue","statementMap":{"0":{"start":{"line":2,"column":24},"end":{"line":2,"column":null}}},"fnMap":{},"branchMap":{},"s":{"0":1},"f":{},"b":{},"meta":{"lastBranch":0,"lastFunction":0,"lastStatement":1,"seen":{"s:2:24:2:Infinity":0}}}
,"/var/www/back1/js/vue-apps/timesheet/components/SaveIndicator.vue": {"path":"/var/www/back1/js/vue-apps/timesheet/components/SaveIndicator.vue","statementMap":{"0":{"start":{"line":35,"column":13},"end":{"line":35,"column":33}},"1":{"start":{"line":37,"column":14},"end":{"line":37,"column":53}},"2":{"start":{"line":37,"column":30},"end":{"line":37,"column":52}},"3":{"start":{"line":38,"column":13},"end":{"line":38,"column":51}},"4":{"start":{"line":38,"column":29},"end":{"line":38,"column":50}},"5":{"start":{"line":39,"column":17},"end":{"line":39,"column":59}},"6":{"start":{"line":39,"column":33},"end":{"line":39,"column":58}},"7":{"start":{"line":42,"column":20},"end":{"line":42,"column":31}},"8":{"start":{"line":43,"column":19},"end":{"line":43,"column":23}},"9":{"start":{"line":45,"column":0},"end":{"line":57,"column":null}},"10":{"start":{"line":46,"column":2},"end":{"line":56,"column":null}},"11":{"start":{"line":47,"column":4},"end":{"line":47,"column":null}},"12":{"start":{"line":50,"column":4},"end":{"line":52,"column":null}},"13":{"start":{"line":51,"column":6},"end":{"line":51,"column":null}},"14":{"start":{"line":53,"column":4},"end":{"line":55,"column":null}},"15":{"start":{"line":54,"column":6},"end":{"line":54,"column":null}},"16":{"start":{"line":59,"column":0},"end":{"line":66,"column":null}},"17":{"start":{"line":60,"column":2},"end":{"line":65,"column":null}},"18":{"start":{"line":61,"column":4},"end":{"line":61,"column":null}},"19":{"start":{"line":62,"column":4},"end":{"line":64,"column":null}},"20":{"start":{"line":63,"column":6},"end":{"line":63,"column":null}},"21":{"start":{"line":68,"column":0},"end":{"line":75,"column":null}},"22":{"start":{"line":69,"column":2},"end":{"line":74,"column":null}},"23":{"start":{"line":70,"column":4},"end":{"line":70,"column":null}},"24":{"start":{"line":71,"column":4},"end":{"line":73,"column":null}},"25":{"start":{"line":72,"column":6},"end":{"line":72,"column":null}},"26":{"start":{"line":77,"column":13},"end":{"line":77,"column":81}},"27":{"start":{"line":77,"column":29},"end":{"line":77,"column":80}},"28":{"start":{"line":79,"column":12},"end":{"line":79,"column":71}},"29":{"start":{"line":79,"column":28},"end":{"line":79,"column":70}},"30":{"start":{"line":81,"column":22},"end":{"line":86,"column":2}},"31":{"start":{"line":82,"column":2},"end":{"line":82,"column":null}},"32":{"start":{"line":82,"column":20},"end":{"line":82,"column":null}},"33":{"start":{"line":83,"column":2},"end":{"line":83,"column":null}},"34":{"start":{"line":83,"column":19},"end":{"line":83,"column":null}},"35":{"start":{"line":84,"column":2},"end":{"line":84,"column":null}},"36":{"start":{"line":84,"column":19},"end":{"line":84,"column":null}},"37":{"start":{"line":85,"column":2},"end":{"line":85,"column":null}}},"fnMap":{"0":{"name":"(anonymous_0)","decl":{"start":{"line":37,"column":24},"end":{"line":37,"column":25}},"loc":{"start":{"line":37,"column":30},"end":{"line":37,"column":52}},"line":37},"1":{"name":"(anonymous_1)","decl":{"start":{"line":38,"column":23},"end":{"line":38,"column":24}},"loc":{"start":{"line":38,"column":29},"end":{"line":38,"column":50}},"line":38},"2":{"name":"(anonymous_2)","decl":{"start":{"line":39,"column":27},"end":{"line":39,"column":28}},"loc":{"start":{"line":39,"column":33},"end":{"line":39,"column":58}},"line":39},"3":{"name":"(anonymous_3)","decl":{"start":{"line":45,"column":17},"end":{"line":45,"column":18}},"loc":{"start":{"line":45,"column":23},"end":{"line":57,"column":1}},"line":45},"4":{"name":"(anonymous_4)","decl":{"start":{"line":53,"column":30},"end":{"line":53,"column":31}},"loc":{"start":{"line":53,"column":36},"end":{"line":55,"column":5}},"line":53},"5":{"name":"(anonymous_5)","decl":{"start":{"line":59,"column":14},"end":{"line":59,"column":15}},"loc":{"start":{"line":59,"column":26},"end":{"line":66,"column":1}},"line":59},"6":{"name":"(anonymous_6)","decl":{"start":{"line":68,"column":13},"end":{"line":68,"column":14}},"loc":{"start":{"line":68,"column":25},"end":{"line":75,"column":1}},"line":68},"7":{"name":"(anonymous_7)","decl":{"start":{"line":77,"column":23},"end":{"line":77,"column":24}},"loc":{"start":{"line":77,"column":29},"end":{"line":77,"column":80}},"line":77},"8":{"name":"(anonymous_8)","decl":{"start":{"line":79,"column":22},"end":{"line":79,"column":23}},"loc":{"start":{"line":79,"column":28},"end":{"line":79,"column":70}},"line":79},"9":{"name":"(anonymous_9)","decl":{"start":{"line":81,"column":32},"end":{"line":81,"column":33}},"loc":{"start":{"line":81,"column":38},"end":{"line":86,"column":1}},"line":81}},"branchMap":{"0":{"loc":{"start":{"line":46,"column":2},"end":{"line":56,"column":null}},"type":"if","locations":[{"start":{"line":46,"column":2},"end":{"line":56,"column":null}},{"start":{},"end":{}}],"line":46},"1":{"loc":{"start":{"line":46,"column":6},"end":{"line":46,"column":54}},"type":"binary-expr","locations":[{"start":{"line":46,"column":6},"end":{"line":46,"column":21}},{"start":{"line":46,"column":25},"end":{"line":46,"column":38}},{"start":{"line":46,"column":42},"end":{"line":46,"column":54}}],"line":46},"2":{"loc":{"start":{"line":50,"column":4},"end":{"line":52,"column":null}},"type":"if","locations":[{"start":{"line":50,"column":4},"end":{"line":52,"column":null}},{"start":{},"end":{}}],"line":50},"3":{"loc":{"start":{"line":60,"column":2},"end":{"line":65,"column":null}},"type":"if","locations":[{"start":{"line":60,"column":2},"end":{"line":65,"column":null}},{"start":{},"end":{}}],"line":60},"4":{"loc":{"start":{"line":62,"column":4},"end":{"line":64,"column":null}},"type":"if","locations":[{"start":{"line":62,"column":4},"end":{"line":64,"column":null}},{"start":{},"end":{}}],"line":62},"5":{"loc":{"start":{"line":69,"column":2},"end":{"line":74,"column":null}},"type":"if","locations":[{"start":{"line":69,"column":2},"end":{"line":74,"column":null}},{"start":{},"end":{}}],"line":69},"6":{"loc":{"start":{"line":71,"column":4},"end":{"line":73,"column":null}},"type":"if","locations":[{"start":{"line":71,"column":4},"end":{"line":73,"column":null}},{"start":{},"end":{}}],"line":71},"7":{"loc":{"start":{"line":77,"column":29},"end":{"line":77,"column":80}},"type":"binary-expr","locations":[{"start":{"line":77,"column":29},"end":{"line":77,"column":47}},{"start":{"line":77,"column":51},"end":{"line":77,"column":64}},{"start":{"line":77,"column":68},"end":{"line":77,"column":80}}],"line":77},"8":{"loc":{"start":{"line":79,"column":28},"end":{"line":79,"column":70}},"type":"binary-expr","locations":[{"start":{"line":79,"column":28},"end":{"line":79,"column":40}},{"start":{"line":79,"column":44},"end":{"line":79,"column":55}},{"start":{"line":79,"column":59},"end":{"line":79,"column":70}}],"line":79},"9":{"loc":{"start":{"line":82,"column":2},"end":{"line":82,"column":null}},"type":"if","locations":[{"start":{"line":82,"column":2},"end":{"line":82,"column":null}},{"start":{},"end":{}}],"line":82},"10":{"loc":{"start":{"line":83,"column":2},"end":{"line":83,"column":null}},"type":"if","locations":[{"start":{"line":83,"column":2},"end":{"line":83,"column":null}},{"start":{},"end":{}}],"line":83},"11":{"loc":{"start":{"line":84,"column":2},"end":{"line":84,"column":null}},"type":"if","locations":[{"start":{"line":84,"column":2},"end":{"line":84,"column":null}},{"start":{},"end":{}}],"line":84}},"s":{"0":2,"1":2,"2":2,"3":2,"4":2,"5":2,"6":2,"7":2,"8":2,"9":2,"10":0,"11":0,"12":0,"13":0,"14":0,"15":0,"16":2,"17":0,"18":0,"19":0,"20":0,"21":2,"22":0,"23":0,"24":0,"25":0,"26":2,"27":1,"28":2,"29":2,"30":2,"31":2,"32":1,"33":1,"34":0,"35":1,"36":1,"37":0},"f":{"0":2,"1":2,"2":2,"3":0,"4":0,"5":0,"6":0,"7":1,"8":2,"9":2},"b":{"0":[0,0],"1":[0,0,0],"2":[0,0],"3":[0,0],"4":[0,0],"5":[0,0],"6":[0,0],"7":[1,0,0],"8":[2,1,1],"9":[1,1],"10":[0,1],"11":[1,0]},"meta":{"lastBranch":12,"lastFunction":10,"lastStatement":38,"seen":{"s:35:13:35:33":0,"s:37:14:37:53":1,"f:37:24:37:25":0,"s:37:30:37:52":2,"s:38:13:38:51":3,"f:38:23:38:24":1,"s:38:29:38:50":4,"s:39:17:39:59":5,"f:39:27:39:28":2,"s:39:33:39:58":6,"s:42:20:42:31":7,"s:43:19:43:23":8,"s:45:0:57:Infinity":9,"f:45:17:45:18":3,"b:46:2:56:Infinity:undefined:undefined:undefined:undefined":0,"s:46:2:56:Infinity":10,"b:46:6:46:21:46:25:46:38:46:42:46:54":1,"s:47:4:47:Infinity":11,"b:50:4:52:Infinity:undefined:undefined:undefined:undefined":2,"s:50:4:52:Infinity":12,"s:51:6:51:Infinity":13,"s:53:4:55:Infinity":14,"f:53:30:53:31":4,"s:54:6:54:Infinity":15,"s:59:0:66:Infinity":16,"f:59:14:59:15":5,"b:60:2:65:Infinity:undefined:undefined:undefined:undefined":3,"s:60:2:65:Infinity":17,"s:61:4:61:Infinity":18,"b:62:4:64:Infinity:undefined:undefined:undefined:undefined":4,"s:62:4:64:Infinity":19,"s:63:6:63:Infinity":20,"s:68:0:75:Infinity":21,"f:68:13:68:14":6,"b:69:2:74:Infinity:undefined:undefined:undefined:undefined":5,"s:69:2:74:Infinity":22,"s:70:4:70:Infinity":23,"b:71:4:73:Infinity:undefined:undefined:undefined:undefined":6,"s:71:4:73:Infinity":24,"s:72:6:72:Infinity":25,"s:77:13:77:81":26,"f:77:23:77:24":7,"s:77:29:77:80":27,"b:77:29:77:47:77:51:77:64:77:68:77:80":7,"s:79:12:79:71":28,"f:79:22:79:23":8,"s:79:28:79:70":29,"b:79:28:79:40:79:44:79:55:79:59:79:70":8,"s:81:22:86:2":30,"f:81:32:81:33":9,"b:82:2:82:Infinity:undefined:undefined:undefined:undefined":9,"s:82:2:82:Infinity":31,"s:82:20:82:Infinity":32,"b:83:2:83:Infinity:undefined:undefined:undefined:undefined":10,"s:83:2:83:Infinity":33,"s:83:19:83:Infinity":34,"b:84:2:84:Infinity:undefined:undefined:undefined:undefined":11,"s:84:2:84:Infinity":35,"s:84:19:84:Infinity":36,"s:85:2:85:Infinity":37}}}
,"/var/www/back1/js/vue-apps/timesheet/components/StatisticsBar.vue": {"path":"/var/www/back1/js/vue-apps/timesheet/components/StatisticsBar.vue","statementMap":{"0":{"start":{"line":38,"column":13},"end":{"line":38,"column":33}},"1":{"start":{"line":45,"column":27},"end":{"line":47,"column":2}},"2":{"start":{"line":46,"column":2},"end":{"line":46,"column":null}},"3":{"start":{"line":2,"column":7},"end":{"line":2,"column":null}},"4":{"start":{"line":3,"column":9},"end":{"line":3,"column":null}},"5":{"start":{"line":5,"column":12},"end":{"line":5,"column":34}},"6":{"start":{"line":7,"column":9},"end":{"line":7,"column":null}},"7":{"start":{"line":9,"column":12},"end":{"line":9,"column":34}},"8":{"start":{"line":11,"column":9},"end":{"line":11,"column":null}},"9":{"start":{"line":13,"column":12},"end":{"line":13,"column":34}},"10":{"start":{"line":17,"column":12},"end":{"line":17,"column":34}}},"fnMap":{"0":{"name":"(anonymous_0)","decl":{"start":{"line":45,"column":37},"end":{"line":45,"column":38}},"loc":{"start":{"line":45,"column":43},"end":{"line":47,"column":1}},"line":45}},"branchMap":{"0":{"loc":{"start":{"line":4,"column":6},"end":{"line":4,"column":50}},"type":"binary-expr","locations":[{"start":{"line":4,"column":6},"end":{"line":4,"column":12}},{"start":{"line":4,"column":6},"end":{"line":4,"column":50}}],"line":4},"1":{"loc":{"start":{"line":8,"column":6},"end":{"line":8,"column":51}},"type":"binary-expr","locations":[{"start":{"line":8,"column":6},"end":{"line":8,"column":12}},{"start":{"line":8,"column":6},"end":{"line":8,"column":51}}],"line":8},"2":{"loc":{"start":{"line":12,"column":6},"end":{"line":12,"column":52}},"type":"binary-expr","locations":[{"start":{"line":12,"column":6},"end":{"line":12,"column":12}},{"start":{"line":12,"column":6},"end":{"line":12,"column":52}}],"line":12},"3":{"loc":{"start":{"line":16,"column":6},"end":{"line":16,"column":56}},"type":"binary-expr","locations":[{"start":{"line":16,"column":6},"end":{"line":16,"column":12}},{"start":{"line":16,"column":6},"end":{"line":16,"column":56}}],"line":16}},"s":{"0":3,"1":3,"2":3,"3":1,"4":1,"5":1,"6":1,"7":1,"8":1,"9":1,"10":1},"f":{"0":3},"b":{"0":[3,3],"1":[3,3],"2":[3,3],"3":[1,1]},"meta":{"lastBranch":0,"lastFunction":0,"lastStatement":0,"seen":{}}}
,"/var/www/back1/js/vue-apps/timesheet/components/UserInfo.vue": {"path":"/var/www/back1/js/vue-apps/timesheet/components/UserInfo.vue","statementMap":{"0":{"start":{"line":27,"column":13},"end":{"line":27,"column":33}},"1":{"start":{"line":34,"column":16},"end":{"line":42,"column":2}},"2":{"start":{"line":35,"column":2},"end":{"line":37,"column":null}},"3":{"start":{"line":36,"column":4},"end":{"line":36,"column":null}},"4":{"start":{"line":38,"column":2},"end":{"line":40,"column":null}},"5":{"start":{"line":39,"column":4},"end":{"line":39,"column":null}},"6":{"start":{"line":41,"column":2},"end":{"line":41,"column":null}},"7":{"start":{"line":2,"column":7},"end":{"line":2,"column":null}},"8":{"start":{"line":6,"column":12},"end":{"line":6,"column":28}}},"fnMap":{"0":{"name":"(anonymous_0)","decl":{"start":{"line":34,"column":26},"end":{"line":34,"column":27}},"loc":{"start":{"line":34,"column":32},"end":{"line":42,"column":1}},"line":34}},"branchMap":{"0":{"loc":{"start":{"line":35,"column":2},"end":{"line":37,"column":null}},"type":"if","locations":[{"start":{"line":35,"column":2},"end":{"line":37,"column":null}},{"start":{},"end":{}}],"line":35},"1":{"loc":{"start":{"line":38,"column":2},"end":{"line":40,"column":null}},"type":"if","locations":[{"start":{"line":38,"column":2},"end":{"line":40,"column":null}},{"start":{},"end":{}}],"line":38}},"s":{"0":7,"1":7,"2":5,"3":3,"4":2,"5":1,"6":1,"7":1,"8":1},"f":{"0":5},"b":{"0":[3,2],"1":[1,1]},"meta":{"lastBranch":0,"lastFunction":0,"lastStatement":0,"seen":{}}}
,"/var/www/back1/js/vue-apps/timesheet/services/Bitrix24ApiService.js": {"path":"/var/www/back1/js/vue-apps/timesheet/services/Bitrix24ApiService.js","statementMap":{"0":{"start":{"line":14,"column":8},"end":{"line":60,"column":null}},"1":{"start":{"line":16,"column":12},"end":{"line":41,"column":null}},"2":{"start":{"line":17,"column":16},"end":{"line":40,"column":null}},"3":{"start":{"line":18,"column":20},"end":{"line":39,"column":null}},"4":{"start":{"line":23,"column":28},"end":{"line":33,"column":null}},"5":{"start":{"line":24,"column":45},"end":{"line":24,"column":107}},"6":{"start":{"line":26,"column":32},"end":{"line":30,"column":null}},"7":{"start":{"line":27,"column":36},"end":{"line":27,"column":null}},"8":{"start":{"line":29,"column":36},"end":{"line":29,"column":null}},"9":{"start":{"line":32,"column":32},"end":{"line":32,"column":null}},"10":{"start":{"line":36,"column":28},"end":{"line":36,"column":null}},"11":{"start":{"line":37,"column":28},"end":{"line":37,"column":null}},"12":{"start":{"line":44,"column":29},"end":{"line":44,"column":67}},"13":{"start":{"line":46,"column":12},"end":{"line":48,"column":null}},"14":{"start":{"line":47,"column":16},"end":{"line":47,"column":null}},"15":{"start":{"line":50,"column":25},"end":{"line":50,"column":46}},"16":{"start":{"line":52,"column":12},"end":{"line":54,"column":null}},"17":{"start":{"line":53,"column":16},"end":{"line":53,"column":null}},"18":{"start":{"line":56,"column":12},"end":{"line":56,"column":null}},"19":{"start":{"line":58,"column":12},"end":{"line":58,"column":null}},"20":{"start":{"line":59,"column":12},"end":{"line":59,"column":null}}},"fnMap":{"0":{"name":"(anonymous_0)","decl":{"start":{"line":13,"column":17},"end":{"line":13,"column":31}},"loc":{"start":{"line":13,"column":34},"end":{"line":61,"column":null}},"line":13},"1":{"name":"(anonymous_1)","decl":{"start":{"line":17,"column":35},"end":{"line":17,"column":36}},"loc":{"start":{"line":17,"column":56},"end":{"line":40,"column":17}},"line":17},"2":{"name":"(anonymous_2)","decl":{"start":{"line":22,"column":35},"end":{"line":22,"column":36}},"loc":{"start":{"line":22,"column":49},"end":{"line":34,"column":25}},"line":22},"3":{"name":"(anonymous_3)","decl":{"start":{"line":35,"column":35},"end":{"line":35,"column":36}},"loc":{"start":{"line":35,"column":46},"end":{"line":38,"column":null}},"line":35}},"branchMap":{"0":{"loc":{"start":{"line":16,"column":12},"end":{"line":41,"column":null}},"type":"if","locations":[{"start":{"line":16,"column":12},"end":{"line":41,"column":null}},{"start":{},"end":{}}],"line":16},"1":{"loc":{"start":{"line":16,"column":16},"end":{"line":16,"column":52}},"type":"binary-expr","locations":[{"start":{"line":16,"column":16},"end":{"line":16,"column":41}},{"start":{"line":16,"column":45},"end":{"line":16,"column":52}}],"line":16},"2":{"loc":{"start":{"line":24,"column":45},"end":{"line":24,"column":107}},"type":"cond-expr","locations":[{"start":{"line":24,"column":76},"end":{"line":24,"column":96}},{"start":{"line":24,"column":99},"end":{"line":24,"column":107}}],"line":24},"3":{"loc":{"start":{"line":26,"column":32},"end":{"line":30,"column":null}},"type":"if","locations":[{"start":{"line":26,"column":32},"end":{"line":30,"column":null}},{"start":{"line":28,"column":39},"end":{"line":30,"column":null}}],"line":26},"4":{"loc":{"start":{"line":27,"column":53},"end":{"line":27,"column":89}},"type":"binary-expr","locations":[{"start":{"line":27,"column":53},"end":{"line":27,"column":75}},{"start":{"line":27,"column":79},"end":{"line":27,"column":89}}],"line":27},"5":{"loc":{"start":{"line":46,"column":12},"end":{"line":48,"column":null}},"type":"if","locations":[{"start":{"line":46,"column":12},"end":{"line":48,"column":null}},{"start":{},"end":{}}],"line":46},"6":{"loc":{"start":{"line":52,"column":12},"end":{"line":54,"column":null}},"type":"if","locations":[{"start":{"line":52,"column":12},"end":{"line":54,"column":null}},{"start":{},"end":{}}],"line":52},"7":{"loc":{"start":{"line":53,"column":32},"end":{"line":53,"column":68}},"type":"binary-expr","locations":[{"start":{"line":53,"column":32},"end":{"line":53,"column":54}},{"start":{"line":53,"column":58},"end":{"line":53,"column":68}}],"line":53}},"s":{"0":9,"1":9,"2":5,"3":5,"4":4,"5":4,"6":4,"7":1,"8":2,"9":1,"10":1,"11":1,"12":4,"13":3,"14":1,"15":2,"16":2,"17":1,"18":1,"19":3,"20":3},"f":{"0":4,"1":5,"2":4,"3":1},"b":{"0":[5,4],"1":[9,5],"2":[2,2],"3":[1,2],"4":[1,0],"5":[1,2],"6":[1,1],"7":[1,0]},"meta":{"lastBranch":8,"lastFunction":4,"lastStatement":21,"seen":{"f:13:17:13:31":0,"s:14:8:60:Infinity":0,"b:16:12:41:Infinity:undefined:undefined:undefined:undefined":0,"s:16:12:41:Infinity":1,"b:16:16:16:41:16:45:16:52":1,"s:17:16:40:Infinity":2,"f:17:35:17:36":1,"s:18:20:39:Infinity":3,"f:22:35:22:36":2,"s:23:28:33:Infinity":4,"s:24:45:24:107":5,"b:24:76:24:96:24:99:24:107":2,"b:26:32:30:Infinity:28:39:30:Infinity":3,"s:26:32:30:Infinity":6,"s:27:36:27:Infinity":7,"b:27:53:27:75:27:79:27:89":4,"s:29:36:29:Infinity":8,"s:32:32:32:Infinity":9,"f:35:35:35:36":3,"s:36:28:36:Infinity":10,"s:37:28:37:Infinity":11,"s:44:29:44:67":12,"b:46:12:48:Infinity:undefined:undefined:undefined:undefined":5,"s:46:12:48:Infinity":13,"s:47:16:47:Infinity":14,"s:50:25:50:46":15,"b:52:12:54:Infinity:undefined:undefined:undefined:undefined":6,"s:52:12:54:Infinity":16,"s:53:16:53:Infinity":17,"b:53:32:53:54:53:58:53:68":7,"s:56:12:56:Infinity":18,"s:58:12:58:Infinity":19,"s:59:12:59:Infinity":20}}}
,"/var/www/back1/js/vue-apps/timesheet/services/HolidaysService.js": {"path":"/var/www/back1/js/vue-apps/timesheet/services/HolidaysService.js","statementMap":{"0":{"start":{"line":12,"column":27},"end":{"line":12,"column":29}},"1":{"start":{"line":21,"column":8},"end":{"line":62,"column":null}},"2":{"start":{"line":23,"column":12},"end":{"line":25,"column":null}},"3":{"start":{"line":24,"column":16},"end":{"line":24,"column":null}},"4":{"start":{"line":28,"column":12},"end":{"line":30,"column":null}},"5":{"start":{"line":29,"column":16},"end":{"line":29,"column":null}},"6":{"start":{"line":32,"column":12},"end":{"line":34,"column":null}},"7":{"start":{"line":33,"column":16},"end":{"line":33,"column":null}},"8":{"start":{"line":36,"column":24},"end":{"line":36,"column":56}},"9":{"start":{"line":37,"column":29},"end":{"line":42,"column":14}},"10":{"start":{"line":44,"column":12},"end":{"line":46,"column":null}},"11":{"start":{"line":45,"column":16},"end":{"line":45,"column":null}},"12":{"start":{"line":48,"column":25},"end":{"line":48,"column":46}},"13":{"start":{"line":50,"column":12},"end":{"line":52,"column":null}},"14":{"start":{"line":51,"column":16},"end":{"line":51,"column":null}},"15":{"start":{"line":55,"column":29},"end":{"line":55,"column":44}},"16":{"start":{"line":56,"column":12},"end":{"line":56,"column":null}},"17":{"start":{"line":58,"column":12},"end":{"line":58,"column":null}},"18":{"start":{"line":60,"column":12},"end":{"line":60,"column":null}},"19":{"start":{"line":61,"column":12},"end":{"line":61,"column":null}},"20":{"start":{"line":73,"column":8},"end":{"line":91,"column":null}},"21":{"start":{"line":75,"column":28},"end":{"line":75,"column":72}},"22":{"start":{"line":76,"column":25},"end":{"line":76,"column":46}},"23":{"start":{"line":77,"column":26},"end":{"line":77,"column":73}},"24":{"start":{"line":78,"column":24},"end":{"line":78,"column":66}},"25":{"start":{"line":79,"column":28},"end":{"line":79,"column":53}},"26":{"start":{"line":82,"column":12},"end":{"line":84,"column":null}},"27":{"start":{"line":83,"column":16},"end":{"line":83,"column":null}},"28":{"start":{"line":87,"column":12},"end":{"line":87,"column":null}},"29":{"start":{"line":89,"column":12},"end":{"line":89,"column":null}},"30":{"start":{"line":90,"column":12},"end":{"line":90,"column":25}},"31":{"start":{"line":100,"column":8},"end":{"line":104,"column":null}},"32":{"start":{"line":101,"column":12},"end":{"line":101,"column":null}},"33":{"start":{"line":103,"column":12},"end":{"line":103,"column":null}}},"fnMap":{"0":{"name":"(anonymous_0)","decl":{"start":{"line":20,"column":17},"end":{"line":20,"column":28}},"loc":{"start":{"line":20,"column":35},"end":{"line":63,"column":null}},"line":20},"1":{"name":"(anonymous_1)","decl":{"start":{"line":72,"column":17},"end":{"line":72,"column":26}},"loc":{"start":{"line":72,"column":50},"end":{"line":92,"column":null}},"line":72},"2":{"name":"(anonymous_2)","decl":{"start":{"line":99,"column":11},"end":{"line":99,"column":21}},"loc":{"start":{"line":99,"column":35},"end":{"line":105,"column":null}},"line":99}},"branchMap":{"0":{"loc":{"start":{"line":23,"column":12},"end":{"line":25,"column":null}},"type":"if","locations":[{"start":{"line":23,"column":12},"end":{"line":25,"column":null}},{"start":{},"end":{}}],"line":23},"1":{"loc":{"start":{"line":28,"column":12},"end":{"line":30,"column":null}},"type":"if","locations":[{"start":{"line":28,"column":12},"end":{"line":30,"column":null}},{"start":{},"end":{}}],"line":28},"2":{"loc":{"start":{"line":32,"column":12},"end":{"line":34,"column":null}},"type":"if","locations":[{"start":{"line":32,"column":12},"end":{"line":34,"column":null}},{"start":{},"end":{}}],"line":32},"3":{"loc":{"start":{"line":32,"column":16},"end":{"line":32,"column":42}},"type":"binary-expr","locations":[{"start":{"line":32,"column":16},"end":{"line":32,"column":27}},{"start":{"line":32,"column":31},"end":{"line":32,"column":42}}],"line":32},"4":{"loc":{"start":{"line":44,"column":12},"end":{"line":46,"column":null}},"type":"if","locations":[{"start":{"line":44,"column":12},"end":{"line":46,"column":null}},{"start":{},"end":{}}],"line":44},"5":{"loc":{"start":{"line":50,"column":12},"end":{"line":52,"column":null}},"type":"if","locations":[{"start":{"line":50,"column":12},"end":{"line":52,"column":null}},{"start":{},"end":{}}],"line":50},"6":{"loc":{"start":{"line":51,"column":32},"end":{"line":51,"column":75}},"type":"binary-expr","locations":[{"start":{"line":51,"column":32},"end":{"line":51,"column":42}},{"start":{"line":51,"column":46},"end":{"line":51,"column":75}}],"line":51},"7":{"loc":{"start":{"line":55,"column":29},"end":{"line":55,"column":44}},"type":"binary-expr","locations":[{"start":{"line":55,"column":29},"end":{"line":55,"column":38}},{"start":{"line":55,"column":42},"end":{"line":55,"column":44}}],"line":55},"8":{"loc":{"start":{"line":72,"column":33},"end":{"line":72,"column":48}},"type":"default-arg","locations":[{"start":{"line":72,"column":44},"end":{"line":72,"column":48}}],"line":72},"9":{"loc":{"start":{"line":75,"column":28},"end":{"line":75,"column":72}},"type":"cond-expr","locations":[{"start":{"line":75,"column":51},"end":{"line":75,"column":55}},{"start":{"line":75,"column":58},"end":{"line":75,"column":72}}],"line":75},"10":{"loc":{"start":{"line":82,"column":12},"end":{"line":84,"column":null}},"type":"if","locations":[{"start":{"line":82,"column":12},"end":{"line":84,"column":null}},{"start":{},"end":{}}],"line":82},"11":{"loc":{"start":{"line":87,"column":19},"end":{"line":87,"column":72}},"type":"binary-expr","locations":[{"start":{"line":87,"column":19},"end":{"line":87,"column":42}},{"start":{"line":87,"column":46},"end":{"line":87,"column":72}}],"line":87},"12":{"loc":{"start":{"line":99,"column":22},"end":{"line":99,"column":33}},"type":"default-arg","locations":[{"start":{"line":99,"column":29},"end":{"line":99,"column":33}}],"line":99},"13":{"loc":{"start":{"line":100,"column":8},"end":{"line":104,"column":null}},"type":"if","locations":[{"start":{"line":100,"column":8},"end":{"line":104,"column":null}},{"start":{"line":102,"column":15},"end":{"line":104,"column":null}}],"line":100}},"s":{"0":4,"1":19,"2":19,"3":2,"4":17,"5":1,"6":16,"7":2,"8":14,"9":14,"10":12,"11":1,"12":11,"13":11,"14":1,"15":10,"16":19,"17":19,"18":7,"19":7,"20":6,"21":6,"22":6,"23":6,"24":6,"25":6,"26":6,"27":2,"28":5,"29":1,"30":1,"31":19,"32":1,"33":18},"f":{"0":4,"1":4,"2":4},"b":{"0":[2,17],"1":[1,16],"2":[2,14],"3":[16,15],"4":[1,11],"5":[1,10],"6":[1,0],"7":[10,1],"8":[6],"9":[5,1],"10":[2,4],"11":[5,4],"12":[19],"13":[1,18]},"meta":{"lastBranch":14,"lastFunction":3,"lastStatement":34,"seen":{"s:12:27:12:29":0,"f:20:17:20:28":0,"s:21:8:62:Infinity":1,"b:23:12:25:Infinity:undefined:undefined:undefined:undefined":0,"s:23:12:25:Infinity":2,"s:24:16:24:Infinity":3,"b:28:12:30:Infinity:undefined:undefined:undefined:undefined":1,"s:28:12:30:Infinity":4,"s:29:16:29:Infinity":5,"b:32:12:34:Infinity:undefined:undefined:undefined:undefined":2,"s:32:12:34:Infinity":6,"b:32:16:32:27:32:31:32:42":3,"s:33:16:33:Infinity":7,"s:36:24:36:56":8,"s:37:29:42:14":9,"b:44:12:46:Infinity:undefined:undefined:undefined:undefined":4,"s:44:12:46:Infinity":10,"s:45:16:45:Infinity":11,"s:48:25:48:46":12,"b:50:12:52:Infinity:undefined:undefined:undefined:undefined":5,"s:50:12:52:Infinity":13,"s:51:16:51:Infinity":14,"b:51:32:51:42:51:46:51:75":6,"s:55:29:55:44":15,"b:55:29:55:38:55:42:55:44":7,"s:56:12:56:Infinity":16,"s:58:12:58:Infinity":17,"s:60:12:60:Infinity":18,"s:61:12:61:Infinity":19,"f:72:17:72:26":1,"b:72:44:72:48":8,"s:73:8:91:Infinity":20,"s:75:28:75:72":21,"b:75:51:75:55:75:58:75:72":9,"s:76:25:76:46":22,"s:77:26:77:73":23,"s:78:24:78:66":24,"s:79:28:79:53":25,"b:82:12:84:Infinity:undefined:undefined:undefined:undefined":10,"s:82:12:84:Infinity":26,"s:83:16:83:Infinity":27,"s:87:12:87:Infinity":28,"b:87:19:87:42:87:46:87:72":11,"s:89:12:89:Infinity":29,"s:90:12:90:25":30,"f:99:11:99:21":2,"b:99:29:99:33":12,"b:100:8:104:Infinity:102:15:104:Infinity":13,"s:100:8:104:Infinity":31,"s:101:12:101:Infinity":32,"s:103:12:103:Infinity":33}}}
,"/var/www/back1/js/vue-apps/timesheet/services/TimesheetApiService.js": {"path":"/var/www/back1/js/vue-apps/timesheet/services/TimesheetApiService.js","statementMap":{"0":{"start":{"line":17,"column":8},"end":{"line":53,"column":null}},"1":{"start":{"line":19,"column":12},"end":{"line":21,"column":null}},"2":{"start":{"line":20,"column":16},"end":{"line":20,"column":null}},"3":{"start":{"line":23,"column":12},"end":{"line":25,"column":null}},"4":{"start":{"line":24,"column":16},"end":{"line":24,"column":null}},"5":{"start":{"line":27,"column":12},"end":{"line":29,"column":null}},"6":{"start":{"line":28,"column":16},"end":{"line":28,"column":null}},"7":{"start":{"line":31,"column":24},"end":{"line":31,"column":72}},"8":{"start":{"line":32,"column":29},"end":{"line":37,"column":14}},"9":{"start":{"line":39,"column":12},"end":{"line":41,"column":null}},"10":{"start":{"line":40,"column":16},"end":{"line":40,"column":null}},"11":{"start":{"line":43,"column":25},"end":{"line":43,"column":46}},"12":{"start":{"line":45,"column":12},"end":{"line":47,"column":null}},"13":{"start":{"line":46,"column":16},"end":{"line":46,"column":null}},"14":{"start":{"line":49,"column":12},"end":{"line":49,"column":null}},"15":{"start":{"line":51,"column":12},"end":{"line":51,"column":null}},"16":{"start":{"line":52,"column":12},"end":{"line":52,"column":null}},"17":{"start":{"line":65,"column":8},"end":{"line":106,"column":null}},"18":{"start":{"line":67,"column":12},"end":{"line":69,"column":null}},"19":{"start":{"line":68,"column":16},"end":{"line":68,"column":null}},"20":{"start":{"line":71,"column":12},"end":{"line":73,"column":null}},"21":{"start":{"line":72,"column":16},"end":{"line":72,"column":null}},"22":{"start":{"line":75,"column":12},"end":{"line":77,"column":null}},"23":{"start":{"line":76,"column":16},"end":{"line":76,"column":null}},"24":{"start":{"line":79,"column":12},"end":{"line":81,"column":null}},"25":{"start":{"line":80,"column":16},"end":{"line":80,"column":null}},"26":{"start":{"line":83,"column":24},"end":{"line":83,"column":72}},"27":{"start":{"line":84,"column":29},"end":{"line":90,"column":14}},"28":{"start":{"line":92,"column":12},"end":{"line":94,"column":null}},"29":{"start":{"line":93,"column":16},"end":{"line":93,"column":null}},"30":{"start":{"line":96,"column":25},"end":{"line":96,"column":46}},"31":{"start":{"line":98,"column":12},"end":{"line":100,"column":null}},"32":{"start":{"line":99,"column":16},"end":{"line":99,"column":null}},"33":{"start":{"line":102,"column":12},"end":{"line":102,"column":null}},"34":{"start":{"line":104,"column":12},"end":{"line":104,"column":null}},"35":{"start":{"line":105,"column":12},"end":{"line":105,"column":null}}},"fnMap":{"0":{"name":"(anonymous_0)","decl":{"start":{"line":16,"column":17},"end":{"line":16,"column":29}},"loc":{"start":{"line":16,"column":43},"end":{"line":54,"column":null}},"line":16},"1":{"name":"(anonymous_1)","decl":{"start":{"line":64,"column":17},"end":{"line":64,"column":30}},"loc":{"start":{"line":64,"column":50},"end":{"line":107,"column":null}},"line":64}},"branchMap":{"0":{"loc":{"start":{"line":19,"column":12},"end":{"line":21,"column":null}},"type":"if","locations":[{"start":{"line":19,"column":12},"end":{"line":21,"column":null}},{"start":{},"end":{}}],"line":19},"1":{"loc":{"start":{"line":19,"column":16},"end":{"line":19,"column":31}},"type":"binary-expr","locations":[{"start":{"line":19,"column":16},"end":{"line":19,"column":21}},{"start":{"line":19,"column":25},"end":{"line":19,"column":31}}],"line":19},"2":{"loc":{"start":{"line":23,"column":12},"end":{"line":25,"column":null}},"type":"if","locations":[{"start":{"line":23,"column":12},"end":{"line":25,"column":null}},{"start":{},"end":{}}],"line":23},"3":{"loc":{"start":{"line":23,"column":16},"end":{"line":23,"column":42}},"type":"binary-expr","locations":[{"start":{"line":23,"column":16},"end":{"line":23,"column":27}},{"start":{"line":23,"column":31},"end":{"line":23,"column":42}}],"line":23},"4":{"loc":{"start":{"line":27,"column":12},"end":{"line":29,"column":null}},"type":"if","locations":[{"start":{"line":27,"column":12},"end":{"line":29,"column":null}},{"start":{},"end":{}}],"line":27},"5":{"loc":{"start":{"line":27,"column":16},"end":{"line":27,"column":39}},"type":"binary-expr","locations":[{"start":{"line":27,"column":16},"end":{"line":27,"column":25}},{"start":{"line":27,"column":29},"end":{"line":27,"column":39}}],"line":27},"6":{"loc":{"start":{"line":39,"column":12},"end":{"line":41,"column":null}},"type":"if","locations":[{"start":{"line":39,"column":12},"end":{"line":41,"column":null}},{"start":{},"end":{}}],"line":39},"7":{"loc":{"start":{"line":45,"column":12},"end":{"line":47,"column":null}},"type":"if","locations":[{"start":{"line":45,"column":12},"end":{"line":47,"column":null}},{"start":{},"end":{}}],"line":45},"8":{"loc":{"start":{"line":46,"column":32},"end":{"line":46,"column":78}},"type":"binary-expr","locations":[{"start":{"line":46,"column":32},"end":{"line":46,"column":42}},{"start":{"line":46,"column":46},"end":{"line":46,"column":78}}],"line":46},"9":{"loc":{"start":{"line":49,"column":19},"end":{"line":49,"column":36}},"type":"binary-expr","locations":[{"start":{"line":49,"column":19},"end":{"line":49,"column":28}},{"start":{"line":49,"column":32},"end":{"line":49,"column":36}}],"line":49},"10":{"loc":{"start":{"line":67,"column":12},"end":{"line":69,"column":null}},"type":"if","locations":[{"start":{"line":67,"column":12},"end":{"line":69,"column":null}},{"start":{},"end":{}}],"line":67},"11":{"loc":{"start":{"line":67,"column":16},"end":{"line":67,"column":31}},"type":"binary-expr","locations":[{"start":{"line":67,"column":16},"end":{"line":67,"column":21}},{"start":{"line":67,"column":25},"end":{"line":67,"column":31}}],"line":67},"12":{"loc":{"start":{"line":71,"column":12},"end":{"line":73,"column":null}},"type":"if","locations":[{"start":{"line":71,"column":12},"end":{"line":73,"column":null}},{"start":{},"end":{}}],"line":71},"13":{"loc":{"start":{"line":71,"column":16},"end":{"line":71,"column":42}},"type":"binary-expr","locations":[{"start":{"line":71,"column":16},"end":{"line":71,"column":27}},{"start":{"line":71,"column":31},"end":{"line":71,"column":42}}],"line":71},"14":{"loc":{"start":{"line":75,"column":12},"end":{"line":77,"column":null}},"type":"if","locations":[{"start":{"line":75,"column":12},"end":{"line":77,"column":null}},{"start":{},"end":{}}],"line":75},"15":{"loc":{"start":{"line":75,"column":16},"end":{"line":75,"column":39}},"type":"binary-expr","locations":[{"start":{"line":75,"column":16},"end":{"line":75,"column":25}},{"start":{"line":75,"column":29},"end":{"line":75,"column":39}}],"line":75},"16":{"loc":{"start":{"line":79,"column":12},"end":{"line":81,"column":null}},"type":"if","locations":[{"start":{"line":79,"column":12},"end":{"line":81,"column":null}},{"start":{},"end":{}}],"line":79},"17":{"loc":{"start":{"line":79,"column":16},"end":{"line":79,"column":49}},"type":"binary-expr","locations":[{"start":{"line":79,"column":16},"end":{"line":79,"column":21}},{"start":{"line":79,"column":25},"end":{"line":79,"column":49}}],"line":79},"18":{"loc":{"start":{"line":92,"column":12},"end":{"line":94,"column":null}},"type":"if","locations":[{"start":{"line":92,"column":12},"end":{"line":94,"column":null}},{"start":{},"end":{}}],"line":92},
[...]
,"/var/www/back1/js/vue-apps/timesheet/utils/debounce.js": {"path":"/var/www/back1/js/vue-apps/timesheet/utils/debounce.js","statementMap":{"0":{"start":{"line":13,"column":2},"end":{"line":21,"column":null}},"1":{"start":{"line":14,"column":18},"end":{"line":17,"column":5}},"2":{"start":{"line":15,"column":6},"end":{"line":15,"column":null}},"3":{"start":{"line":16,"column":6},"end":{"line":16,"column":null}},"4":{"start":{"line":19,"column":4},"end":{"line":19,"column":null}},"5":{"start":{"line":20,"column":4},"end":{"line":20,"column":null}}},"fnMap":{"0":{"name":"debounce","decl":{"start":{"line":10,"column":16},"end":{"line":10,"column":24}},"loc":{"start":{"line":10,"column":37},"end":{"line":22,"column":null}},"line":10},"1":{"name":"executedFunction","decl":{"start":{"line":13,"column":18},"end":{"line":13,"column":34}},"loc":{"start":{"line":13,"column":44},"end":{"line":21,"column":3}},"line":13},"2":{"name":"(anonymous_2)","decl":{"start":{"line":14,"column":18},"end":{"line":14,"column":19}},"loc":{"start":{"line":14,"column":24},"end":{"line":17,"column":5}},"line":14}},"branchMap":{},"s":{"0":8,"1":10,"2":6,"3":6,"4":10,"5":10},"f":{"0":8,"1":10,"2":6},"b":{},"meta":{"lastBranch":0,"lastFunction":3,"lastStatement":6,"seen":{"f:10:16:10:24":0,"s:13:2:21:Infinity":0,"f:13:18:13:34":1,"s:14:18:17:5":1,"f:14:18:14:19":2,"s:15:6:15:Infinity":2,"s:16:6:16:Infinity":3,"s:19:4:19:Infinity":4,"s:20:4:20:Infinity":5}}}
,"/var/www/back1/js/vue-apps/timesheet/utils/validation.js": {"path":"/var/www/back1/js/vue-apps/timesheet/utils/validation.js","statementMap":{"0":{"start":{"line":12,"column":19},"end":{"line":12,"column":21}},"1":{"start":{"line":14,"column":4},"end":{"line":17,"column":null}},"2":{"start":{"line":15,"column":8},"end":{"line":15,"column":null}},"3":{"start":{"line":16,"column":8},"end":{"line":16,"column":null}},"4":{"start":{"line":19,"column":4},"end":{"line":22,"column":null}},"5":{"start":{"line":20,"column":8},"end":{"line":20,"column":null}},"6":{"start":{"line":21,"column":8},"end":{"line":21,"column":null}},"7":{"start":{"line":24,"column":4},"end":{"line":26,"column":null}},"8":{"start":{"line":25,"column":8},"end":{"line":25,"column":null}},"9":{"start":{"line":28,"column":4},"end":{"line":30,"column":null}},"10":{"start":{"line":29,"column":8},"end":{"line":29,"column":null}},"11":{"start":{"line":33,"column":22},"end":{"line":33,"column":43}},"12":{"start":{"line":35,"column":4},"end":{"line":37,"column":null}},"13":{"start":{"line":36,"column":8},"end":{"line":36,"column":null}},"14":{"start":{"line":39,"column":4},"end":{"line":39,"column":null}},"15":{"start":{"line":49,"column":19},"end":{"line":49,"column":21}},"16":{"start":{"line":53,"column":26},"end":{"line":58,"column":5}},"17":{"start":{"line":60,"column":4},"end":{"line":63,"column":null}},"18":{"start":{"line":62,"column":8},"end":{"line":62,"column":null}},"19":{"start":{"line":65,"column":4},"end":{"line":68,"column":null}},"20":{"start":{"line":66,"column":8},"end":{"line":66,"column":null}},"21":{"start":{"line":67,"column":8},"end":{"line":67,"column":null}},"22":{"start":{"line":70,"column":4},"end":{"line":72,"column":null}},"23":{"start":{"line":71,"column":8},"end":{"line":71,"column":null}},"24":{"start":{"line":74,"column":4},"end":{"line":74,"column":null}},"25":{"start":{"line":84,"column":19},"end":{"line":84,"column":21}},"26":{"start":{"line":86,"column":4},"end":{"line":89,"column":null}},"27":{"start":{"line":87,"column":8},"end":{"line":87,"column":null}},"28":{"start":{"line":88,"column":8},"end":{"line":88,"column":null}},"29":{"start":{"line":91,"column":30},"end":{"line":91,"column":38}},"30":{"start":{"line":94,"column":21},"end":{"line":94,"column":74}},"31":{"start":{"line":95,"column":22},"end":{"line":95,"column":78}},"32":{"start":{"line":97,"column":4},"end":{"line":99,"column":null}},"33":{"start":{"line":98,"column":8},"end":{"line":98,"column":null}},"34":{"start":{"line":102,"column":4},"end":{"line":105,"column":null}},"35":{"start":{"line":103,"column":28},"end":{"line":103,"column":48}},"36":{"start":{"line":104,"column":8},"end":{"line":104,"column":null}},"37":{"start":{"line":108,"column":4},"end":{"line":111,"column":null}},"38":{"start":{"line":109,"column":29},"end":{"line":109,"column":51}},"39":{"start":{"line":110,"column":8},"end":{"line":110,"column":null}},"40":{"start":{"line":114,"column":4},"end":{"line":116,"column":null}},"41":{"start":{"line":118,"column":4},"end":{"line":118,"column":null}},"42":{"start":{"line":128,"column":19},"end":{"line":128,"column":21}},"43":{"start":{"line":130,"column":4},"end":{"line":133,"column":null}},"44":{"start":{"line":131,"column":8},"end":{"line":131,"column":null}},"45":{"start":{"line":132,"column":8},"end":{"line":132,"column":null}},"46":{"start":{"line":135,"column":4},"end":{"line":138,"column":null}},"47":{"start":{"line":136,"column":8},"end":{"line":136,"column":null}},"48":{"start":{"line":137,"column":8},"end":{"line":137,"column":null}},"49":{"start":{"line":140,"column":4},"end":{"line":142,"column":null}},"50":{"start":{"line":141,"column":8},"end":{"line":141,"column":null}},"51":{"start":{"line":144,"column":4},"end":{"line":146,"column":null}},"52":{"start":{"line":145,"column":8},"end":{"line":145,"column":null}},"53":{"start":{"line":148,"column":4},"end":{"line":150,"column":null}},"54":{"start":{"line":149,"column":8},"end":{"line":149,"column":null}},"55":{"start":{"line":152,"column":4},"end":{"line":152,"column":null}},"56":{"start":{"line":162,"column":19},"end":{"line":162,"column":21}},"57":{"start":{"line":164,"column":4},"end":{"line":167,"column":null}},"58":{"start":{"line":165,"column":8},"end":{"line":165,"column":null}},"59":{"start":{"line":166,"column":8},"end":{"line":166,"column":null}},"60":{"start":{"line":169,"column":4},"end":{"line":172,"column":null}},"61":{"start":{"line":170,"column":8},"end":{"line":170,"column":null}},"62":{"start":{"line":171,"column":8},"end":{"line":171,"column":null}},"63":{"start":{"line":174,"column":4},"end":{"line":176,"column":null}},"64":{"start":{"line":175,"column":8},"end":{"line":175,"column":null}},"65":{"start":{"line":178,"column":4},"end":{"line":180,"column":null}},"66":{"start":{"line":179,"column":8},"end":{"line":179,"column":null}},"67":{"start":{"line":182,"column":4},"end":{"line":184,"column":null}},"68":{"start":{"line":183,"column":8},"end":{"line":183,"column":null}},"69":{"start":{"line":186,"column":4},"end":{"line":186,"column":null}}},"fnMap":{"0":{"name":"validateHours","decl":{"start":{"line":11,"column":16},"end":{"line":11,"column":29}},"loc":{"start":{"line":11,"column":37},"end":{"line":40,"column":null}},"line":11},"1":{"name":"validateStatus","decl":{"start":{"line":48,"column":16},"end":{"line":48,"column":30}},"loc":{"start":{"line":48,"column":39},"end":{"line":75,"column":null}},"line":48},"2":{"name":"validateDayEntry","decl":{"start":{"line":83,"column":16},"end":{"line":83,"column":32}},"loc":{"start":{"line":83,"column":43},"end":{"line":119,"column":null}},"line":83},"3":{"name":"validateYear","decl":{"start":{"line":127,"column":16},"end":{"line":127,"column":28}},"loc":{"start":{"line":127,"column":35},"end":{"line":153,"column":null}},"line":127},"4":{"name":"validateMonth","decl":{"start":{"line":161,"column":16},"end":{"line":161,"column":29}},"loc":{"start":{"line":161,"column":37},"end":{"line":187,"column":null}},"line":161}},"branchMap":{"0":{"loc":{"start":{"line":14,"column":4},"end":{"line":17,"column":null}},"type":"if","locations":[{"start":{"line":14,"column":4},"end":{"line":17,"column":null}},{"start":{},"end":{}}],"line":14},"1":{"loc":{"start":{"line":14,"column":8},"end":{"line":14,"column":45}},"type":"binary-expr","locations":[{"start":{"line":14,"column":8},"end":{"line":14,"column":22}},{"start":{"line":14,"column":26},"end":{"line":14,"column":45}}],"line":14},"2":{"loc":{"start":{"line":19,"column":4},"end":{"line":22,"column":null}},"type":"if","locations":[{"start":{"line":19,"column":4},"end":{"line":22,"column":null}},{"start":{},"end":{}}],"line":19},"3":{"loc":{"start":{"line":24,"column":4},"end":{"line":26,"column":null}},"type":"if","locations":[{"start":{"line":24,"column":4},"end":{"line":26,"column":null}},{"start":{},"end":{}}],"line":24},"4":{"loc":{"start":{"line":28,"column":4},"end":{"line":30,"column":null}},"type":"if","locations":[{"start":{"line":28,"column":4},"end":{"line":30,"column":null}},{"start":{},"end":{}}],"line":28},"5":{"loc":{"start":{"line":35,"column":4},"end":{"line":37,"column":null}},"type":"if","locations":[{"start":{"line":35,"column":4},"end":{"line":37,"column":null}},{"start":{},"end":{}}],"line":35},"6":{"loc":{"start":{"line":35,"column":8},"end":{"line":35,"column":64}},"type":"binary-expr","locations":[{"start":{"line":35,"column":8},"end":{"line":35,"column":26}},{"start":{"line":35,"column":30},"end":{"line":35,"column":64}}],"line":35},"7":{"loc":{"start":{"line":60,"column":4},"end":{"line":63,"column":null}},"type":"if","locations":[{"start":{"line":60,"column":4},"end":{"line":63,"column":null}},{"start":{},"end":{}}],"line":60},"8":{"loc":{"start":{"line":65,"column":4},"end":{"line":68,"column":null}},"type":"if","locations":[{"start":{"line":65,"column":4},"end":{"line":68,"column":null}},{"start":{},"end":{}}],"line":65},"9":{"loc":{"start":{"line":70,"column":4},"end":{"line":72,"column":null}},"type":"if","locations":[{"start":{"line":70,"column":4},"end":{"line":72,"column":null}},{"start":{},"end":{}}],"line":70},"10":{"loc":{"start":{"line":86,"column":4},"end":{"line":89,"column":null}},"type":"if","locations":[{"start":{"line":86,"column":4},"end":{"line":89,"column":null}},{"start":{},"end":{}}],"line":86},"11":{"loc":{"start":{"line":86,"column":8},"end":{"line":86,"column":49}},"type":"binary-expr","locations":[{"start":{"line":86,"column":8},"end":{"line":86,"column":17}},{"start":{"line":86,"column":21},"end":{"line":86,"column":49}}],"line":86},"12":{"loc":{"start":{"line":94,"column":21},"end":{"line":94,"column":74}},"type":"binary-expr","locations":[{"start":{"line":94,"column":21},"end":{"line":94,"column":35}},{"start":{"line":94,"column":39},"end":{"line":94,"column":58}},{"start":{"line":94,"column":62},"end":{"line":94,"column":74}}],"line":94},"13":{"loc":{"start":{"line":95,"column":22},"end":{"line":95,"column":78}},"type":"binary-expr","locations":[{"start":{"line":95,"column":22},"end":{"line":95,"column":37}},{"start":{"line":95,"column":41},"end":{"line":95,"column":61}},{"start":{"line":95,"column":65},"end":{"line":95,"column":78}}],"line":95},"14":{"loc":{"start":{"line":97,"column":4},"end":{"line":99,"column":null}},"type":"if","locations":[{"start":{"line":97,"column":4},"end":{"line":99,"column":null}},{"start":{},"end":{}}],"line":97},"15":{"loc":{"start":{"line":97,"column":8},"end":{"line":97,"column":29}},"type":"binary-expr","locations":[{"start":{"line":97,"column":8},"end":{"line":97,"column":16}},{"start":{"line":97,"column":20},"end":{"line":97,"column":29}}],"line":97},"16":{"loc":{"start":{"line":102,"column":4},"end":{"line":105,"column":null}},"type":"if","locations":[{"start":{"line":102,"column":4},"end":{"line":105,"column":null}},{"start":{},"end":{}}],"line":102},"17":{"loc":{"start":{"line":108,"column":4},"end":{"line":111,"column":null}},"type":"if","locations":[{"start":{"line":108,"column":4},"end":{"line":111,"column":null}},{"start":{},"end":{}}],"line":108},"18":{"loc":{"start":{"line":114,"column":4},"end":{"line":116,"column":null}},"type":"if","locations":[{"start":{"line":114,"column":4},"end":{"line":116,"column":null}},{"start":{},"end":{}}],"line":114},"19":{"loc":{"start":{"line":114,"column":8},"end":{"line":114,"column":31}},"type":"binary-expr","locations":[{"start":{"line":114,"column":8},"end":{"line":114,"column":17}},{"start":{"line":114,"column":21},"end":{"line":114,"column":31}}],"line":114},"20":{"loc":{"start":{"line":130,"column":4},"end":{"line":133,"column":null}},"type":"if","locations":[{"start":{"line":130,"column":4},"end":{"line":133,"column":null}},{"start":{},"end":{}}],"line":130},"21":{"loc":{"start":{"line":130,"column":8},"end":{"line":130,"column":43}},"type":"binary-expr","locations":[{"start":{"line":130,"column":8},"end":{"line":130,"column":21}},{"start":{"line":130,"column":25},"end":{"line":130,"column":43}}],"line":130},"22":{"loc":{"start":{"line":135,"column":4},"end":{"line":138,"column":null}},"type":"if","locations":[{"start":{"line":135,"column":4},"end":{"line":138,"column":null}},{"start":{},"end":{}}],"line":135},"23":{"loc":{"start":{"line":140,"column":4},"end":{"line":142,"column":null}},"type":"if","locations":[{"start":{"line":140,"column":4},"end":{"line":142,"column":null}},{"start":{},"end":{}}],"line":140},"24":{"loc":{"start":{"line":144,"column":4},"end":{"line":146,"column":null}},"type":"if","locations":[{"start":{"line":144,"column":4},"end":{"line":146,"column":null}},{"start":{},"end":{}}],"line":144},"25":{"loc":{"start":{"line":148,"column":4},"end":{"line":150,"column":null}},"type":"if","locations":[{"start":{"line":148,"column":4},"end":{"line":150,"column":null}},{"start":{},"end":{}}],"line":148},"26":{"loc":{"start":{"line":164,"column":4},"end":{"line":167,"column":null}},"type":"if","locations":[{"start":{"line":164,"column":4},"end":{"line":167,"column":null}},{"start":{},"end":{}}],"line":164},"27":{"loc":{"start":{"line":164,"column":8},"end":{"line":164,"column":45}},"type":"binary-expr","locations":[{"start":{"line":164,"column":8},"end":{"line":164,"column":22}},{"start":{"line":164,"column":26},"end":{"line":164,"column":45}}],"line":164},"28":{"loc":{"start":{"line":169,"column":4},"end":{"line":172,"column":null}},"type":"if","locations":[{"start":{"line":169,"column":4},"end":{"line":172,"column":null}},{"start":{},"end":{}}],"line":169},"29":{"loc":{"start":{"line":174,"column":4},"end":{"line":176,"column":null}},"type":"if","locations":[{"start":{"line":174,"column":4},"end":{"line":176,"column":null}},{"start":{},"end":{}}],"line":174},"30":{"loc":{"start":{"line":178,"column":4},"end":{"line":180,"column":null}},"type":"if","locations":[{"start":{"line":178,"column":4},"end":{"line":180,"column":null}},{"start":{},"end":{}}],"line":178},"31":{"loc":{"start":{"line":182,"column":4},"end":{"line":184,"column":null}},"type":"if","locations":[{"start":{"line":182,"column":4},"end":{"line":184,"column":null}},{"start":{},"end":{}}],"line":182}},"s":{"0":17,"1":17,"2":2,"3":2,"4":15,"5":1,"6":1,"7":14,"8":3,"9":14,"10":1,"11":14,"12":14,"13":2,"14":14,"15":11,"16":11,"17":11,"18":2,"19":9,"20":1,"21":1,"22":8,"23":2,"24":8,"25":9,"26":9,"27":2,"28":2,"29":7,"30":7,"31":9,"32":9,"33":1,"34":7,"35":4,"36":4,"37":7,"38":3,"39":3,"40":7,"41":7,"42":9,"43":9,"44":2,"45":2,"46":7,"47":1,"48":1,"49":6,"50":1,"51":6,"52":1,"53":6,"54":1,"55":6,"56":18,"57":18,"58":2,"59":2,"60":16,"61":1,"62":1,"63":15,"64":1,"65":15,"66":1,"67":15,"68":1,"69":15},"f":{"0":17,"1":11,"2":9,"3":9,"4":18},"b":{"0":[2,15],"1":[17,16],"2":[1,14],"3":[3,11],"4":[1,13],"5":[2,12],"6":[14,2],"7":[2,9],"8":[1,8],"9":[2,6],"10":[2,7],"11":[9,8],"12":[7,4,4],"13":[9,3,3],"14":[1,8],"15":[9,4],"16":[4,3],"17":[3,4],"18":[1,6],"19":[7,3],"20":[2,7],"21":[9,8],"22":[1,6],"23":[1,5],"24":[1,5],"25":[1,5],"26":[2,16],"27":[18,17],"28":[1,15],"29":[1,14],"30":[1,14],"31":[1,14]},"meta":{"lastBranch":32,"lastFunction":5,"lastStatement":70,"seen":{"f:11:16:11:29":0,"s:12:19:12:21":0,"b:14:4:17:Infinity:undefined:undefined:undefined:undefined":0,"s:14:4:17:Infinity":1,"b:14:8:14:22:14:26:14:45":1,"s:15:8:15:Infinity":2,"s:16:8:16:Infinity":3,"b:19:4:22:Infinity:undefined:undefined:undefined:undefined":2,"s:19:4:22:Infinity":4,"s:20:8:20:Infinity":5,"s:21:8:21:Infinity":6,"b:24:4:26:Infinity:undefined:undefined:undefined:undefined":3,"s:24:4:26:Infinity":7,"s:25:8:25:Infinity":8,"b:28:4:30:Infinity:undefined:undefined:undefined:undefined":4,"s:28:4:30:Infinity":9,"s:29:8:29:Infinity":10,"s:33:22:33:43":11,"b:35:4:37:Infinity:undefined:undefined:undefined:undefined":5,"s:35:4:37:Infinity":12,"b:35:8:35:26:35:30:35:64":6,"s:36:8:36:Infinity":13,"s:39:4:39:Infinity":14,"f:48:16:48:30":1,"s:49:19:49:21":15,"s:53:26:58:5":16,"b:60:4:63:Infinity:undefined:undefined:undefined:undefined":7,"s:60:4:63:Infinity":17,"s:62:8:62:Infinity":18,"b:65:4:68:Infinity:undefined:undefined:undefined:undefined":8,"s:65:4:68:Infinity":19,"s:66:8:66:Infinity":20,"s:67:8:67:Infinity":21,"b:70:4:72:Infinity:undefined:undefined:undefined:undefined":9,"s:70:4:72:Infinity":22,"s:71:8:71:Infinity":23,"s:74:4:74:Infinity":24,"f:83:16:83:32":2,"s:84:19:84:21":25,"b:86:4:89:Infinity:undefined:undefined:undefined:undefined":10,"s:86:4:89:Infinity":26,"b:86:8:86:17:86:21:86:49":11,"s:87:8:87:Infinity":27,"s:88:8:88:Infinity":28,"s:91:30:91:38":29,"s:94:21:94:74":30,"b:94:21:94:35:94:39:94:58:94:62:94:74":12,"s:95:22:95:78":31,"b:95:22:95:37:95:41:95:61:95:65:95:78":13,"b:97:4:99:Infinity:undefined:undefined:undefined:undefined":14,"s:97:4:99:Infinity":32,"b:97:8:97:16:97:20:97:29":15,"s:98:8:98:Infinity":33,"b:102:4:105:Infinity:undefined:undefined:undefined:undefined":16,"s:102:4:105:Infinity":34,"s:103:28:103:48":35,"s:104:8:104:Infinity":36,"b:108:4:111:Infinity:undefined:undefined:undefined:undefined":17,"s:108:4:111:Infinity":37,"s:109:29:109:51":38,"s:110:8:110:Infinity":39,"b:114:4:116:Infinity:undefined:undefined:undefined:undefined":18,"s:114:4:116:Infinity":40,"b:114:8:114:17:114:21:114:31":19,"s:118:4:118:Infinity":41,"f:127:16:127:28":3,"s:128:19:128:21":42,"b:130:4:133:Infinity:undefined:undefined:undefined:undefined":20,"s:130:4:133:Infinity":43,"b:130:8:130:21:130:25:130:43":21,"s:131:8:131:Infinity":44,"s:132:8:132:Infinity":45,"b:135:4:138:Infinity:undefined:undefined:undefined:undefined":22,"s:135:4:138:Infinity":46,"s:136:8:136:Infinity":47,"s:137:8:137:Infinity":48,"b:140:4:142:Infinity:undefined:undefined:undefined:undefined":23,"s:140:4:142:Infinity":49,"s:141:8:141:Infinity":50,"b:144:4:146:Infinity:undefined:undefined:undefined:undefined":24,"s:144:4:146:Infinity":51,"s:145:8:145:Infinity":52,"b:148:4:150:Infinity:undefined:undefined:undefined:undefined":25,"s:148:4:150:Infinity":53,"s:149:8:149:Infinity":54,"s:152:4:152:Infinity":55,"f:161:16:161:29":4,"s:162:19:162:21":56,"b:164:4:167:Infinity:undefined:undefined:undefined:undefined":26,"s:164:4:167:Infinity":57,"b:164:8:164:22:164:26:164:45":27,"s:165:8:165:Infinity":58,"s:166:8:166:Infinity":59,"b:169:4:172:Infinity:undefined:undefined:undefined:undefined":28,"s:169:4:172:Infinity":60,"s:170:8:170:Infinity":61,"s:171:8:171:Infinity":62,"b:174:4:176:Infinity:undefined:undefined:undefined:undefined":29,"s:174:4:176:Infinity":63,"s:175:8:175:Infinity":64,"b:178:4:180:Infinity:undefined:undefined:undefined:undefined":30,"s:178:4:180:Infinity":65,"s:179:8:179:Infinity":66,"b:182:4:184:Infinity:undefined:undefined:undefined:undefined":31,"s:182:4:184:Infinity":67,"s:183:8:183:Infinity":68,"s:186:4:186:Infinity":69}}}
}
